c:\users\centu\desktop\hbghost\client\cximage\release\cximage.pdb
c:\users\centu\desktop\hbghost\client\cximage\release\ximapcx.obj
c:\users\centu\desktop\hbghost\client\cximage\release\ximapal.obj
c:\users\centu\desktop\hbghost\client\cximage\release\ximamng.obj
c:\users\centu\desktop\hbghost\client\cximage\release\ximalyr.obj
c:\users\centu\desktop\hbghost\client\cximage\release\ximalpha.obj
c:\users\centu\desktop\hbghost\client\cximage\release\ximajpg.obj
c:\users\centu\desktop\hbghost\client\cximage\release\ximajbg.obj
c:\users\centu\desktop\hbghost\client\cximage\release\ximajas.obj
c:\users\centu\desktop\hbghost\client\cximage\release\ximaj2k.obj
c:\users\centu\desktop\hbghost\client\cximage\release\ximaint.obj
c:\users\centu\desktop\hbghost\client\cximage\release\ximainfo.obj
c:\users\centu\desktop\hbghost\client\cximage\release\ximaico.obj
c:\users\centu\desktop\hbghost\client\cximage\release\ximahist.obj
c:\users\centu\desktop\hbghost\client\cximage\release\ximagif.obj
c:\users\centu\desktop\hbghost\client\cximage\release\ximage.obj
c:\users\centu\desktop\hbghost\client\cximage\release\ximaexif.obj
c:\users\centu\desktop\hbghost\client\cximage\release\ximaenc.obj
c:\users\centu\desktop\hbghost\client\cximage\release\ximadsp.obj
c:\users\centu\desktop\hbghost\client\cximage\release\ximabmp.obj
c:\users\centu\desktop\hbghost\client\cximage\release\tif_xfile.obj
c:\users\centu\desktop\hbghost\client\cximage\release\xmemfile.obj
c:\users\centu\desktop\hbghost\client\cximage\release\ximawnd.obj
c:\users\centu\desktop\hbghost\client\cximage\release\ximawmf.obj
c:\users\centu\desktop\hbghost\client\cximage\release\ximawbmp.obj
c:\users\centu\desktop\hbghost\client\cximage\release\ximatran.obj
c:\users\centu\desktop\hbghost\client\cximage\release\ximatif.obj
c:\users\centu\desktop\hbghost\client\cximage\release\ximath.obj
c:\users\centu\desktop\hbghost\client\cximage\release\ximatga.obj
c:\users\centu\desktop\hbghost\client\cximage\release\ximasel.obj
c:\users\centu\desktop\hbghost\client\cximage\release\ximapng.obj
c:\users\centu\desktop\hbghost\client\cximage\release\cximage.lib
c:\users\centu\desktop\hbghost\client\cximage\release\cximage.tlog\cl.command.1.tlog
c:\users\centu\desktop\hbghost\client\cximage\release\cximage.tlog\cl.read.1.tlog
c:\users\centu\desktop\hbghost\client\cximage\release\cximage.tlog\cl.write.1.tlog
c:\users\centu\desktop\hbghost\client\cximage\release\cximage.tlog\lib-link.read.1.tlog
c:\users\centu\desktop\hbghost\client\cximage\release\cximage.tlog\lib-link.write.1.tlog
c:\users\centu\desktop\hbghost\client\cximage\release\cximage.tlog\lib.command.1.tlog
