  tif_xfile.cpp
C:\Users\jcenturion\OneDrive - DXC Production\Desktop\HBGhost\Client\CxImage\xiofile.h(24,10): warning C4996: 'fopen': This function or variable may be unsafe. Consider using fopen_s instead. To disable deprecation, use _CRT_SECURE_NO_WARNINGS. See online help for details.
  ximabmp.cpp
C:\Users\jcenturion\OneDrive - DXC Production\Desktop\HBGhost\Client\CxImage\xiofile.h(24,10): warning C4996: 'fopen': This function or variable may be unsafe. Consider using fopen_s instead. To disable deprecation, use _CRT_SECURE_NO_WARNINGS. See online help for details.
C:\Users\jcenturion\OneDrive - DXC Production\Desktop\HBGhost\Client\CxImage\ximabmp.cpp(294,2): warning C4996: 'strncpy': This function or variable may be unsafe. Consider using strncpy_s instead. To disable deprecation, use _CRT_SECURE_NO_WARNINGS. See online help for details.
  ximadsp.cpp
C:\Users\jcenturion\OneDrive - DXC Production\Desktop\HBGhost\Client\CxImage\xiofile.h(24,10): warning C4996: 'fopen': This function or variable may be unsafe. Consider using fopen_s instead. To disable deprecation, use _CRT_SECURE_NO_WARNINGS. See online help for details.
  ximaenc.cpp
C:\Users\jcenturion\OneDrive - DXC Production\Desktop\HBGhost\Client\CxImage\xiofile.h(24,10): warning C4996: 'fopen': This function or variable may be unsafe. Consider using fopen_s instead. To disable deprecation, use _CRT_SECURE_NO_WARNINGS. See online help for details.
C:\Users\jcenturion\OneDrive - DXC Production\Desktop\HBGhost\Client\CxImage\ximaenc.cpp(70,3): warning C4996: 'strcpy': This function or variable may be unsafe. Consider using strcpy_s instead. To disable deprecation, use _CRT_SECURE_NO_WARNINGS. See online help for details.
C:\Users\jcenturion\OneDrive - DXC Production\Desktop\HBGhost\Client\CxImage\ximaenc.cpp(75,3): warning C4996: 'strcpy': This function or variable may be unsafe. Consider using strcpy_s instead. To disable deprecation, use _CRT_SECURE_NO_WARNINGS. See online help for details.
C:\Users\jcenturion\OneDrive - DXC Production\Desktop\HBGhost\Client\CxImage\ximaenc.cpp(104,13): warning C4996: 'fopen': This function or variable may be unsafe. Consider using fopen_s instead. To disable deprecation, use _CRT_SECURE_NO_WARNINGS. See online help for details.
C:\Users\jcenturion\OneDrive - DXC Production\Desktop\HBGhost\Client\CxImage\ximaenc.cpp(138,3): warning C4996: 'strcpy': This function or variable may be unsafe. Consider using strcpy_s instead. To disable deprecation, use _CRT_SECURE_NO_WARNINGS. See online help for details.
C:\Users\jcenturion\OneDrive - DXC Production\Desktop\HBGhost\Client\CxImage\ximaenc.cpp(170,4): warning C4996: 'strcpy': This function or variable may be unsafe. Consider using strcpy_s instead. To disable deprecation, use _CRT_SECURE_NO_WARNINGS. See online help for details.
C:\Users\jcenturion\OneDrive - DXC Production\Desktop\HBGhost\Client\CxImage\ximaenc.cpp(206,4): warning C4996: 'strcpy': This function or variable may be unsafe. Consider using strcpy_s instead. To disable deprecation, use _CRT_SECURE_NO_WARNINGS. See online help for details.
C:\Users\jcenturion\OneDrive - DXC Production\Desktop\HBGhost\Client\CxImage\ximaenc.cpp(348,2): warning C4996: 'strcpy': This function or variable may be unsafe. Consider using strcpy_s instead. To disable deprecation, use _CRT_SECURE_NO_WARNINGS. See online help for details.
C:\Users\jcenturion\OneDrive - DXC Production\Desktop\HBGhost\Client\CxImage\ximaenc.cpp(400,2): warning C4996: 'strcpy': This function or variable may be unsafe. Consider using strcpy_s instead. To disable deprecation, use _CRT_SECURE_NO_WARNINGS. See online help for details.
C:\Users\jcenturion\OneDrive - DXC Production\Desktop\HBGhost\Client\CxImage\ximaenc.cpp(416,3): warning C4996: 'strcpy': This function or variable may be unsafe. Consider using strcpy_s instead. To disable deprecation, use _CRT_SECURE_NO_WARNINGS. See online help for details.
C:\Users\jcenturion\OneDrive - DXC Production\Desktop\HBGhost\Client\CxImage\ximaenc.cpp(492,2): warning C4996: 'strcpy': This function or variable may be unsafe. Consider using strcpy_s instead. To disable deprecation, use _CRT_SECURE_NO_WARNINGS. See online help for details.
C:\Users\jcenturion\OneDrive - DXC Production\Desktop\HBGhost\Client\CxImage\ximaenc.cpp(506,29): warning C4996: 'strcpy': This function or variable may be unsafe. Consider using strcpy_s instead. To disable deprecation, use _CRT_SECURE_NO_WARNINGS. See online help for details.
C:\Users\jcenturion\OneDrive - DXC Production\Desktop\HBGhost\Client\CxImage\ximaenc.cpp(481,14): warning C4996: 'fopen': This function or variable may be unsafe. Consider using fopen_s instead. To disable deprecation, use _CRT_SECURE_NO_WARNINGS. See online help for details.
C:\Users\jcenturion\OneDrive - DXC Production\Desktop\HBGhost\Client\CxImage\ximaenc.cpp(498,13): warning C4996: 'fopen': This function or variable may be unsafe. Consider using fopen_s instead. To disable deprecation, use _CRT_SECURE_NO_WARNINGS. See online help for details.
C:\Users\jcenturion\OneDrive - DXC Production\Desktop\HBGhost\Client\CxImage\ximaenc.cpp(575,9): warning C4996: 'strcpy': This function or variable may be unsafe. Consider using strcpy_s instead. To disable deprecation, use _CRT_SECURE_NO_WARNINGS. See online help for details.
C:\Users\jcenturion\OneDrive - DXC Production\Desktop\HBGhost\Client\CxImage\ximaenc.cpp(720,4): warning C4996: 'strcpy': This function or variable may be unsafe. Consider using strcpy_s instead. To disable deprecation, use _CRT_SECURE_NO_WARNINGS. See online help for details.
C:\Users\jcenturion\OneDrive - DXC Production\Desktop\HBGhost\Client\CxImage\ximaenc.cpp(733,4): warning C4996: 'strcpy': This function or variable may be unsafe. Consider using strcpy_s instead. To disable deprecation, use _CRT_SECURE_NO_WARNINGS. See online help for details.
C:\Users\jcenturion\OneDrive - DXC Production\Desktop\HBGhost\Client\CxImage\ximaenc.cpp(915,2): warning C4996: 'strcpy': This function or variable may be unsafe. Consider using strcpy_s instead. To disable deprecation, use _CRT_SECURE_NO_WARNINGS. See online help for details.
  ximaexif.cpp
C:\Users\jcenturion\OneDrive - DXC Production\Desktop\HBGhost\Client\CxImage\xiofile.h(24,10): warning C4996: 'fopen': This function or variable may be unsafe. Consider using fopen_s instead. To disable deprecation, use _CRT_SECURE_NO_WARNINGS. See online help for details.
C:\Users\jcenturion\OneDrive - DXC Production\Desktop\HBGhost\Client\CxImage\ximaexif.cpp(55,4): warning C4996: 'strcpy': This function or variable may be unsafe. Consider using strcpy_s instead. To disable deprecation, use _CRT_SECURE_NO_WARNINGS. See online help for details.
C:\Users\jcenturion\OneDrive - DXC Production\Desktop\HBGhost\Client\CxImage\ximaexif.cpp(71,13): warning C4996: 'strcpy': This function or variable may be unsafe. Consider using strcpy_s instead. To disable deprecation, use _CRT_SECURE_NO_WARNINGS. See online help for details.
C:\Users\jcenturion\OneDrive - DXC Production\Desktop\HBGhost\Client\CxImage\ximaexif.cpp(84,13): warning C4996: 'strcpy': This function or variable may be unsafe. Consider using strcpy_s instead. To disable deprecation, use _CRT_SECURE_NO_WARNINGS. See online help for details.
C:\Users\jcenturion\OneDrive - DXC Production\Desktop\HBGhost\Client\CxImage\ximaexif.cpp(92,13): warning C4996: 'strcpy': This function or variable may be unsafe. Consider using strcpy_s instead. To disable deprecation, use _CRT_SECURE_NO_WARNINGS. See online help for details.
C:\Users\jcenturion\OneDrive - DXC Production\Desktop\HBGhost\Client\CxImage\ximaexif.cpp(103,13): warning C4996: 'strcpy': This function or variable may be unsafe. Consider using strcpy_s instead. To disable deprecation, use _CRT_SECURE_NO_WARNINGS. See online help for details.
C:\Users\jcenturion\OneDrive - DXC Production\Desktop\HBGhost\Client\CxImage\ximaexif.cpp(123,25): warning C4996: 'strcpy': This function or variable may be unsafe. Consider using strcpy_s instead. To disable deprecation, use _CRT_SECURE_NO_WARNINGS. See online help for details.
C:\Users\jcenturion\OneDrive - DXC Production\Desktop\HBGhost\Client\CxImage\ximaexif.cpp(129,25): warning C4996: 'strcpy': This function or variable may be unsafe. Consider using strcpy_s instead. To disable deprecation, use _CRT_SECURE_NO_WARNINGS. See online help for details.
C:\Users\jcenturion\OneDrive - DXC Production\Desktop\HBGhost\Client\CxImage\ximaexif.cpp(216,4): warning C4996: 'strcpy': This function or variable may be unsafe. Consider using strcpy_s instead. To disable deprecation, use _CRT_SECURE_NO_WARNINGS. See online help for details.
C:\Users\jcenturion\OneDrive - DXC Production\Desktop\HBGhost\Client\CxImage\ximaexif.cpp(227,13): warning C4996: 'strcpy': This function or variable may be unsafe. Consider using strcpy_s instead. To disable deprecation, use _CRT_SECURE_NO_WARNINGS. See online help for details.
C:\Users\jcenturion\OneDrive - DXC Production\Desktop\HBGhost\Client\CxImage\ximaexif.cpp(234,9): warning C4996: 'strcpy': This function or variable may be unsafe. Consider using strcpy_s instead. To disable deprecation, use _CRT_SECURE_NO_WARNINGS. See online help for details.
C:\Users\jcenturion\OneDrive - DXC Production\Desktop\HBGhost\Client\CxImage\ximaexif.cpp(391,9): warning C4996: 'strcpy': This function or variable may be unsafe. Consider using strcpy_s instead. To disable deprecation, use _CRT_SECURE_NO_WARNINGS. See online help for details.
C:\Users\jcenturion\OneDrive - DXC Production\Desktop\HBGhost\Client\CxImage\ximaexif.cpp(412,13): warning C4996: 'strcpy': This function or variable may be unsafe. Consider using strcpy_s instead. To disable deprecation, use _CRT_SECURE_NO_WARNINGS. See online help for details.
C:\Users\jcenturion\OneDrive - DXC Production\Desktop\HBGhost\Client\CxImage\ximaexif.cpp(424,17): warning C4996: 'strcpy': This function or variable may be unsafe. Consider using strcpy_s instead. To disable deprecation, use _CRT_SECURE_NO_WARNINGS. See online help for details.
C:\Users\jcenturion\OneDrive - DXC Production\Desktop\HBGhost\Client\CxImage\ximaexif.cpp(556,21): warning C4996: 'strcpy': This function or variable may be unsafe. Consider using strcpy_s instead. To disable deprecation, use _CRT_SECURE_NO_WARNINGS. See online help for details.
C:\Users\jcenturion\OneDrive - DXC Production\Desktop\HBGhost\Client\CxImage\ximaexif.cpp(649,6): warning C4996: 'strcpy': This function or variable may be unsafe. Consider using strcpy_s instead. To disable deprecation, use _CRT_SECURE_NO_WARNINGS. See online help for details.
C:\Users\jcenturion\OneDrive - DXC Production\Desktop\HBGhost\Client\CxImage\ximaexif.cpp(672,17): warning C4996: 'strcpy': This function or variable may be unsafe. Consider using strcpy_s instead. To disable deprecation, use _CRT_SECURE_NO_WARNINGS. See online help for details.
C:\Users\jcenturion\OneDrive - DXC Production\Desktop\HBGhost\Client\CxImage\ximaexif.cpp(445,17): warning C4996: 'strncpy': This function or variable may be unsafe. Consider using strncpy_s instead. To disable deprecation, use _CRT_SECURE_NO_WARNINGS. See online help for details.
C:\Users\jcenturion\OneDrive - DXC Production\Desktop\HBGhost\Client\CxImage\ximaexif.cpp(449,17): warning C4996: 'strncpy': This function or variable may be unsafe. Consider using strncpy_s instead. To disable deprecation, use _CRT_SECURE_NO_WARNINGS. See online help for details.
C:\Users\jcenturion\OneDrive - DXC Production\Desktop\HBGhost\Client\CxImage\ximaexif.cpp(453,5): warning C4996: 'strncpy': This function or variable may be unsafe. Consider using strncpy_s instead. To disable deprecation, use _CRT_SECURE_NO_WARNINGS. See online help for details.
C:\Users\jcenturion\OneDrive - DXC Production\Desktop\HBGhost\Client\CxImage\ximaexif.cpp(457,17): warning C4996: 'strncpy': This function or variable may be unsafe. Consider using strncpy_s instead. To disable deprecation, use _CRT_SECURE_NO_WARNINGS. See online help for details.
C:\Users\jcenturion\OneDrive - DXC Production\Desktop\HBGhost\Client\CxImage\ximaexif.cpp(478,29): warning C4996: 'strncpy': This function or variable may be unsafe. Consider using strncpy_s instead. To disable deprecation, use _CRT_SECURE_NO_WARNINGS. See online help for details.
C:\Users\jcenturion\OneDrive - DXC Production\Desktop\HBGhost\Client\CxImage\ximaexif.cpp(484,21): warning C4996: 'strncpy': This function or variable may be unsafe. Consider using strncpy_s instead. To disable deprecation, use _CRT_SECURE_NO_WARNINGS. See online help for details.
C:\Users\jcenturion\OneDrive - DXC Production\Desktop\HBGhost\Client\CxImage\ximaexif.cpp(758,5): warning C4996: 'strcpy': This function or variable may be unsafe. Consider using strcpy_s instead. To disable deprecation, use _CRT_SECURE_NO_WARNINGS. See online help for details.
C:\Users\jcenturion\OneDrive - DXC Production\Desktop\HBGhost\Client\CxImage\ximaexif.cpp(801,3): warning C4996: 'strcpy': This function or variable may be unsafe. Consider using strcpy_s instead. To disable deprecation, use _CRT_SECURE_NO_WARNINGS. See online help for details.
  xImage.cpp
C:\Users\jcenturion\OneDrive - DXC Production\Desktop\HBGhost\Client\CxImage\xiofile.h(24,10): warning C4996: 'fopen': This function or variable may be unsafe. Consider using fopen_s instead. To disable deprecation, use _CRT_SECURE_NO_WARNINGS. See online help for details.
C:\Users\jcenturion\OneDrive - DXC Production\Desktop\HBGhost\Client\CxImage\xImage.cpp(156,3): warning C4996: 'strcpy': This function or variable may be unsafe. Consider using strcpy_s instead. To disable deprecation, use _CRT_SECURE_NO_WARNINGS. See online help for details.
C:\Users\jcenturion\OneDrive - DXC Production\Desktop\HBGhost\Client\CxImage\xImage.cpp(168,3): warning C4996: 'strcpy': This function or variable may be unsafe. Consider using strcpy_s instead. To disable deprecation, use _CRT_SECURE_NO_WARNINGS. See online help for details.
C:\Users\jcenturion\OneDrive - DXC Production\Desktop\HBGhost\Client\CxImage\xImage.cpp(202,3): warning C4996: 'strcpy': This function or variable may be unsafe. Consider using strcpy_s instead. To disable deprecation, use _CRT_SECURE_NO_WARNINGS. See online help for details.
  ximagif.cpp
C:\Users\jcenturion\OneDrive - DXC Production\Desktop\HBGhost\Client\CxImage\xiofile.h(24,10): warning C4996: 'fopen': This function or variable may be unsafe. Consider using fopen_s instead. To disable deprecation, use _CRT_SECURE_NO_WARNINGS. See online help for details.
  ximahist.cpp
C:\Users\jcenturion\OneDrive - DXC Production\Desktop\HBGhost\Client\CxImage\xiofile.h(24,10): warning C4996: 'fopen': This function or variable may be unsafe. Consider using fopen_s instead. To disable deprecation, use _CRT_SECURE_NO_WARNINGS. See online help for details.
  ximaico.cpp
C:\Users\jcenturion\OneDrive - DXC Production\Desktop\HBGhost\Client\CxImage\xiofile.h(24,10): warning C4996: 'fopen': This function or variable may be unsafe. Consider using fopen_s instead. To disable deprecation, use _CRT_SECURE_NO_WARNINGS. See online help for details.
  ximainfo.cpp
C:\Users\jcenturion\OneDrive - DXC Production\Desktop\HBGhost\Client\CxImage\xiofile.h(24,10): warning C4996: 'fopen': This function or variable may be unsafe. Consider using fopen_s instead. To disable deprecation, use _CRT_SECURE_NO_WARNINGS. See online help for details.
  ximaint.cpp
C:\Users\jcenturion\OneDrive - DXC Production\Desktop\HBGhost\Client\CxImage\xiofile.h(24,10): warning C4996: 'fopen': This function or variable may be unsafe. Consider using fopen_s instead. To disable deprecation, use _CRT_SECURE_NO_WARNINGS. See online help for details.
  ximaj2k.cpp
C:\Users\jcenturion\OneDrive - DXC Production\Desktop\HBGhost\Client\CxImage\xiofile.h(24,10): warning C4996: 'fopen': This function or variable may be unsafe. Consider using fopen_s instead. To disable deprecation, use _CRT_SECURE_NO_WARNINGS. See online help for details.
  ximajas.cpp
C:\Users\jcenturion\OneDrive - DXC Production\Desktop\HBGhost\Client\CxImage\xiofile.h(24,10): warning C4996: 'fopen': This function or variable may be unsafe. Consider using fopen_s instead. To disable deprecation, use _CRT_SECURE_NO_WARNINGS. See online help for details.
  ximajbg.cpp
C:\Users\jcenturion\OneDrive - DXC Production\Desktop\HBGhost\Client\CxImage\xiofile.h(24,10): warning C4996: 'fopen': This function or variable may be unsafe. Consider using fopen_s instead. To disable deprecation, use _CRT_SECURE_NO_WARNINGS. See online help for details.
  ximajpg.cpp
C:\Users\jcenturion\OneDrive - DXC Production\Desktop\HBGhost\Client\CxImage\xiofile.h(24,10): warning C4996: 'fopen': This function or variable may be unsafe. Consider using fopen_s instead. To disable deprecation, use _CRT_SECURE_NO_WARNINGS. See online help for details.
C:\Users\jcenturion\OneDrive - DXC Production\Desktop\HBGhost\Client\CxImage\ximajpg.cpp(271,3): warning C4996: 'strcpy': This function or variable may be unsafe. Consider using strcpy_s instead. To disable deprecation, use _CRT_SECURE_NO_WARNINGS. See online help for details.
C:\Users\jcenturion\OneDrive - DXC Production\Desktop\HBGhost\Client\CxImage\ximajpg.cpp(317,3): warning C4996: 'strcpy': This function or variable may be unsafe. Consider using strcpy_s instead. To disable deprecation, use _CRT_SECURE_NO_WARNINGS. See online help for details.
  ximalpha.cpp
C:\Users\jcenturion\OneDrive - DXC Production\Desktop\HBGhost\Client\CxImage\xiofile.h(24,10): warning C4996: 'fopen': This function or variable may be unsafe. Consider using fopen_s instead. To disable deprecation, use _CRT_SECURE_NO_WARNINGS. See online help for details.
  ximalyr.cpp
C:\Users\jcenturion\OneDrive - DXC Production\Desktop\HBGhost\Client\CxImage\xiofile.h(24,10): warning C4996: 'fopen': This function or variable may be unsafe. Consider using fopen_s instead. To disable deprecation, use _CRT_SECURE_NO_WARNINGS. See online help for details.
  ximamng.cpp
C:\Users\jcenturion\OneDrive - DXC Production\Desktop\HBGhost\Client\CxImage\xiofile.h(24,10): warning C4996: 'fopen': This function or variable may be unsafe. Consider using fopen_s instead. To disable deprecation, use _CRT_SECURE_NO_WARNINGS. See online help for details.
  ximapal.cpp
C:\Users\jcenturion\OneDrive - DXC Production\Desktop\HBGhost\Client\CxImage\xiofile.h(24,10): warning C4996: 'fopen': This function or variable may be unsafe. Consider using fopen_s instead. To disable deprecation, use _CRT_SECURE_NO_WARNINGS. See online help for details.
  ximapcx.cpp
C:\Users\jcenturion\OneDrive - DXC Production\Desktop\HBGhost\Client\CxImage\xiofile.h(24,10): warning C4996: 'fopen': This function or variable may be unsafe. Consider using fopen_s instead. To disable deprecation, use _CRT_SECURE_NO_WARNINGS. See online help for details.
  Generating Code...
  Compiling...
  ximapng.cpp
C:\Users\jcenturion\OneDrive - DXC Production\Desktop\HBGhost\Client\CxImage\xiofile.h(24,10): warning C4996: 'fopen': This function or variable may be unsafe. Consider using fopen_s instead. To disable deprecation, use _CRT_SECURE_NO_WARNINGS. See online help for details.
  ximasel.cpp
C:\Users\jcenturion\OneDrive - DXC Production\Desktop\HBGhost\Client\CxImage\xiofile.h(24,10): warning C4996: 'fopen': This function or variable may be unsafe. Consider using fopen_s instead. To disable deprecation, use _CRT_SECURE_NO_WARNINGS. See online help for details.
  ximatga.cpp
C:\Users\jcenturion\OneDrive - DXC Production\Desktop\HBGhost\Client\CxImage\xiofile.h(24,10): warning C4996: 'fopen': This function or variable may be unsafe. Consider using fopen_s instead. To disable deprecation, use _CRT_SECURE_NO_WARNINGS. See online help for details.
  ximath.cpp
C:\Users\jcenturion\OneDrive - DXC Production\Desktop\HBGhost\Client\CxImage\xiofile.h(24,10): warning C4996: 'fopen': This function or variable may be unsafe. Consider using fopen_s instead. To disable deprecation, use _CRT_SECURE_NO_WARNINGS. See online help for details.
  ximatif.cpp
C:\Users\jcenturion\OneDrive - DXC Production\Desktop\HBGhost\Client\CxImage\xiofile.h(24,10): warning C4996: 'fopen': This function or variable may be unsafe. Consider using fopen_s instead. To disable deprecation, use _CRT_SECURE_NO_WARNINGS. See online help for details.
  ximatran.cpp
C:\Users\jcenturion\OneDrive - DXC Production\Desktop\HBGhost\Client\CxImage\xiofile.h(24,10): warning C4996: 'fopen': This function or variable may be unsafe. Consider using fopen_s instead. To disable deprecation, use _CRT_SECURE_NO_WARNINGS. See online help for details.
  ximawbmp.cpp
C:\Users\jcenturion\OneDrive - DXC Production\Desktop\HBGhost\Client\CxImage\xiofile.h(24,10): warning C4996: 'fopen': This function or variable may be unsafe. Consider using fopen_s instead. To disable deprecation, use _CRT_SECURE_NO_WARNINGS. See online help for details.
  ximawmf.cpp
C:\Users\jcenturion\OneDrive - DXC Production\Desktop\HBGhost\Client\CxImage\xiofile.h(24,10): warning C4996: 'fopen': This function or variable may be unsafe. Consider using fopen_s instead. To disable deprecation, use _CRT_SECURE_NO_WARNINGS. See online help for details.
  ximawnd.cpp
C:\Users\jcenturion\OneDrive - DXC Production\Desktop\HBGhost\Client\CxImage\xiofile.h(24,10): warning C4996: 'fopen': This function or variable may be unsafe. Consider using fopen_s instead. To disable deprecation, use _CRT_SECURE_NO_WARNINGS. See online help for details.
C:\Users\jcenturion\OneDrive - DXC Production\Desktop\HBGhost\Client\CxImage\ximawnd.cpp(385,13): warning C4996: 'strcpy': This function or variable may be unsafe. Consider using strcpy_s instead. To disable deprecation, use _CRT_SECURE_NO_WARNINGS. See online help for details.
C:\Users\jcenturion\OneDrive - DXC Production\Desktop\HBGhost\Client\CxImage\ximawnd.cpp(850,3): warning C4996: '_tcsncpy': This function or variable may be unsafe. Consider using _tcsncpy_s instead. To disable deprecation, use _CRT_SECURE_NO_WARNINGS. See online help for details.
C:\Users\jcenturion\OneDrive - DXC Production\Desktop\HBGhost\Client\CxImage\ximawnd.cpp(1092,5): warning C4996: 'sprintf': This function or variable may be unsafe. Consider using sprintf_s instead. To disable deprecation, use _CRT_SECURE_NO_WARNINGS. See online help for details.
C:\Users\jcenturion\OneDrive - DXC Production\Desktop\HBGhost\Client\CxImage\ximawnd.cpp(1104,5): warning C4996: 'sprintf': This function or variable may be unsafe. Consider using sprintf_s instead. To disable deprecation, use _CRT_SECURE_NO_WARNINGS. See online help for details.
  xmemfile.cpp
  Generating Code...
  CxImage.vcxproj -> C:\Users\jcenturion\OneDrive - DXC Production\Desktop\HBGhost\Client\CxImage\Release\CxImage.lib
