2020:10:06:12:29:36	NPC(Abaddon)	Drop	XelimaBlade(1 30488 13530 -23962)
2020:10:06:12:29:36	NPC(Abaddon)	Drop	XelimaAxe(1 32767 18260 -23962)
2020:10:06:12:29:36	NPC(Abaddon)	Drop	XelimaRapier(1 1310 24463 -23962)
2020:10:06:12:29:36	NPC(Abaddon)	Drop	MerienShield(1 15601 3928 -23961)
2020:10:06:12:29:36	NPC(Abaddon)	Drop	MerienPlateMailW(1 19930 9370 -23961)
2020:10:06:12:29:36	NPC(Abaddon)	Drop	MerienPlateMailM(1 21261 23272 -23961)
2020:10:06:12:29:36	NPC(Abaddon)	Drop	KnecklaceOfIcePro(1 12037 19654 -23961)
2020:10:06:12:29:36	NPC(Abaddon)	Drop	KnecklaceOfSufferent(1 26268 7631 -23961)
2020:10:06:12:29:36	NPC(Abaddon)	Drop	KnecklaceOfLightPro(1 8110 30154 -23961)
2020:10:06:12:29:36	NPC(Abaddon)	Drop	SwordofIceElemental(1 1085 14400 -23961)
2020:10:06:12:29:36	NPC(Abaddon)	Drop	RingofWizard(1 30367 24521 -23961)
2020:10:06:12:29:36	NPC(Abaddon)	Drop	RingofMage(1 26270 18446 -23961)
2020:10:06:12:29:36	NPC(Abaddon)	Drop	EmeraldRing(1 492 4639 -23961)
2020:10:06:12:29:40	(192.168.0.28) PC(Centuu[GM])	Get	MerienShield(1 15601 3928 -23961 0)	abbylair(79 79)
2020:10:06:12:29:46	(192.168.0.28) PC(Centuu[GM])	Get	RingOfHeroMage(1 12576 4827 -23961 0)	abbylair(80 80)
2020:10:06:12:29:49	NPC(Abaddon)	Drop	XelimaBlade(1 16152 9640 -10814)
2020:10:06:12:29:49	NPC(Abaddon)	Drop	XelimaAxe(1 29434 10529 -10814)
2020:10:06:12:29:49	NPC(Abaddon)	Drop	XelimaRapier(1 17492 26362 -10814)
2020:10:06:12:29:49	NPC(Abaddon)	Drop	MerienShield(1 18830 1146 -10813)
2020:10:06:12:29:49	NPC(Abaddon)	Drop	MerienPlateMailW(1 9514 19337 -10813)
2020:10:06:12:29:49	NPC(Abaddon)	Drop	MerienPlateMailM(1 1902 30629 -10813)
2020:10:06:12:29:49	NPC(Abaddon)	Drop	KnecklaceOfIcePro(1 26098 9624 -10813)
2020:10:06:12:29:49	NPC(Abaddon)	Drop	KnecklaceOfSufferent(1 13269 27566 -10813)
2020:10:06:12:29:49	NPC(Abaddon)	Drop	KnecklaceOfLightPro(1 14832 13425 -10813)
2020:10:06:12:29:49	NPC(Abaddon)	Drop	SwordofIceElemental(1 30193 5169 -10813)
2020:10:06:12:29:49	NPC(Abaddon)	Drop	RingofWizard(1 7603 21566 -10813)
2020:10:06:12:29:49	NPC(Abaddon)	Drop	RingofMage(1 13387 25596 -10813)
2020:10:06:12:29:49	NPC(Abaddon)	Drop	EmeraldRing(1 22066 4223 -10813)
2020:10:06:12:29:50	NPC(Illusion-Wyvern)	Drop	MerienShield(1 5329 24558 -10066)
2020:10:06:12:29:50	NPC(Illusion-Wyvern)	Drop	MerienPlateMailW(1 21010 22691 -10066)
2020:10:06:12:29:50	NPC(Illusion-Wyvern)	Drop	MerienPlateMailM(1 13336 25679 -10066)
2020:10:06:12:29:50	NPC(Illusion-Wyvern)	Drop	KnecklaceOfIcePro(1 7810 24601 -10066)
2020:10:06:12:29:50	NPC(Illusion-Wyvern)	Drop	KnecklaceOfSufferent(1 10962 24150 -10066)
2020:10:06:12:29:50	NPC(Illusion-Wyvern)	Drop	KnecklaceOfLightPro(1 6296 20968 -10065)
2020:10:06:12:29:50	NPC(Illusion-Wyvern)	Drop	SwordofIceElemental(1 14564 11392 -10065)
2020:10:06:12:29:50	NPC(Illusion-Wyvern)	Drop	RingofWizard(1 14835 31318 -10065)
2020:10:06:12:29:50	NPC(Illusion-Wyvern)	Drop	RingofMage(1 14702 15979 -10065)
2020:10:06:12:29:50	NPC(Illusion-Wyvern)	Drop	EmeraldRing(1 18683 4967 -10065)
2020:10:06:12:29:55	(192.168.0.28) PC(Centuu[GM])	Get	XelimaAxe(1 32767 18260 -23962 0)	abbylair(81 79)
2020:10:06:13:06:34	(192.168.0.28) PC(Centuu[GM])	Get	RingOfHeroMage(1 32494 20665 -10813 0)	abbylair(94 84)
