2020:07:15:14:40:43	NPC(Abaddon)	Drop	Gold(80374 29099 7766 -7884)
2020:07:15:14:40:43	NPC(Abaddon)	Drop	Gold(75719 13211 30335 -7884)
2020:07:15:14:40:43	NPC(Abaddon)	Drop	Gold(69377 15133 10975 -7884)
2020:07:15:14:40:43	NPC(Abaddon)	Drop	Gold(84997 15521 30085 -7883)
2020:07:15:14:40:43	NPC(Abaddon)	Drop	Gold(91890 23484 28231 -7883)
2020:07:15:14:40:43	NPC(Abaddon)	Drop	Gold(60706 7487 955 -7883)
2020:07:15:14:40:43	NPC(Abaddon)	Drop	Gold(51079 29175 17834 -7883)
2020:07:15:14:40:43	NPC(Abaddon)	Drop	Gold(89045 12333 15264 -7883)
2020:07:15:14:40:43	NPC(Abaddon)	Drop	Gold(90919 9545 30997 -7883)
2020:07:15:14:40:43	NPC(Abaddon)	Drop	Gold(100738 19053 22936 -7883)
2020:07:15:14:40:43	NPC(Abaddon)	Drop	Gold(28234 6749 19852 -7883)
2020:07:15:14:40:43	NPC(Abaddon)	Drop	Gold(70968 21156 25212 -7883)
2020:07:15:14:40:43	NPC(Abaddon)	Drop	Gold(79048 18520 6076 -7883)
2020:07:15:14:40:43	NPC(Abaddon)	Drop	Gold(96876 18890 18933 -7883)
2020:07:15:14:40:43	NPC(Abaddon)	Drop	Gold(73945 7384 9847 -7883)
2020:07:15:14:43:20	NPC(Abaddon)	Drop	Gold(78776 23175 27982 17662)
2020:07:15:14:43:20	NPC(Abaddon)	Drop	Gold(83282 3064 19246 17662)
2020:07:15:14:43:20	NPC(Abaddon)	Drop	Gold(80473 31080 29302 17662)
2020:07:15:14:43:20	NPC(Abaddon)	Drop	Gold(83778 5865 31277 17662)
2020:07:15:14:43:20	NPC(Abaddon)	Drop	Gold(82327 22257 21709 17662)
2020:07:15:14:43:20	NPC(Abaddon)	Drop	Gold(70077 4787 23085 17663)
2020:07:15:14:43:20	NPC(Abaddon)	Drop	Gold(67697 1419 7064 17663)
2020:07:15:14:43:20	NPC(Abaddon)	Drop	Gold(78427 10844 9976 17663)
2020:07:15:14:43:20	NPC(Abaddon)	Drop	Gold(75846 32474 19514 17663)
2020:07:15:14:43:20	NPC(Abaddon)	Drop	Gold(50684 21434 22386 17663)
2020:07:15:14:43:20	NPC(Abaddon)	Drop	Gold(60053 31454 2396 17663)
2020:07:15:14:43:20	NPC(Abaddon)	Drop	Gold(60934 7151 8883 17663)
2020:07:15:14:43:20	NPC(Abaddon)	Drop	Gold(59359 11553 5067 17663)
2020:07:15:14:43:20	NPC(Abaddon)	Drop	Gold(72361 17808 5124 17663)
2020:07:15:14:43:20	NPC(Abaddon)	Drop	Gold(53843 15889 19207 17663)
2020:07:15:14:45:55	NPC(Abaddon)	Drop	MerienShield(1 16675 18458 -23704)
2020:07:15:14:45:55	NPC(Abaddon)	Drop	MerienPlateMailW(1 15511 22727 -23704)
2020:07:15:14:45:55	NPC(Abaddon)	Drop	MerienPlateMailM(1 17617 15297 -23704)
2020:07:15:14:45:55	NPC(Abaddon)	Drop	KnecklaceOfIcePro(1 27811 18426 -23703)
2020:07:15:14:45:55	NPC(Abaddon)	Drop	KnecklaceOfSufferent(1 24288 18427 -23703)
2020:07:15:14:45:55	NPC(Abaddon)	Drop	KnecklaceOfLightPro(1 17274 4553 -23703)
2020:07:15:14:45:55	NPC(Abaddon)	Drop	SwordofIceElemental(1 2360 21922 -23703)
2020:07:15:14:45:55	NPC(Abaddon)	Drop	RingofWizard(1 28517 20874 -23703)
2020:07:15:14:45:55	NPC(Abaddon)	Drop	RingofMage(1 28965 15870 -23703)
2020:07:15:14:45:55	NPC(Abaddon)	Drop	EmeraldRing(1 4244 28582 -23703)
2020:07:15:14:45:55	NPC(Abaddon)	Drop	MagicNecklace(DF+10)(1 11300 13767 -23703)
2020:07:15:14:45:55	NPC(Abaddon)	Drop	MagicNecklace(RM10)(1 10046 22214 -23703)
2020:07:15:14:45:55	NPC(Abaddon)	Drop	MagicNecklace(MS10)(1 29774 25933 -23703)
2020:07:15:14:45:55	NPC(Abaddon)	Drop	MagicWand(M.Shield)(1 851 2531 -23703)
