2020:07:08:11:28:44	(192.168.0.28) PC(GM1)	Get	aHeroCap(W)(1 14684 14941 7 870000)	procella(197 149)
2020:07:08:12:12:21	(192.168.0.28) PC(GM1)	Get	Hammer(1 9252 23154 7 640000)	procella(204 123)
2020:07:08:12:12:27	(192.168.0.28) PC(GM1)	Get	ChainHose(W)(1 16371 10286 7 840000)	procella(212 123)
2020:07:08:12:13:31	NPC(Zombie)	Drop	KnecklaceOfSufferent(1 4201 9554 -1957)
2020:07:08:12:13:33	NPC(Zombie)	Drop	RingofMage(1 6839 10136 -455)
2020:07:08:12:13:34	NPC(Zombie)	Drop	KnecklaceOfSufferent(1 28505 1157 1192)
2020:07:08:12:13:37	NPC(Zombie)	Drop	RingofMage(1 4676 19125 3940)
2020:07:08:12:13:39	NPC(Zombie)	Drop	RingofMage(1 1935 6410 5943)
2020:07:08:12:13:40	NPC(Zombie)	Drop	KnecklaceOfPoisonPro(1 8806 9664 7091)
2020:07:08:12:13:43	NPC(Zombie)	Drop	KnecklaceOfSufferent(1 1522 9530 9692)
2020:07:08:12:13:47	NPC(Zombie)	Drop	KnecklaceOfSufferent(1 27837 546 13642)
2020:07:08:12:13:49	NPC(Zombie)	Drop	RingofMage(1 7111 14031 16243)
2020:07:08:12:13:50	NPC(Zombie)	Drop	RingofMage(1 7161 19385 17241)
2020:07:08:12:13:53	NPC(Zombie)	Drop	KnecklaceOfPoisonPro(1 31445 28866 19542)
2020:07:08:12:13:55	NPC(Zombie)	Drop	KnecklaceOfPoisonPro(1 22391 16006 21794)
2020:07:08:12:13:57	NPC(Zombie)	Drop	KnecklaceOfPoisonPro(1 17363 13717 24291)
2020:07:08:12:13:59	NPC(Zombie)	Drop	RingofMage(1 391 10123 25593)
2020:07:08:12:14:00	NPC(Zombie)	Drop	KnecklaceOfSufferent(1 23812 25521 27191)
2020:07:08:12:14:04	NPC(Zombie)	Drop	KnecklaceOfSufferent(1 795 31818 31341)
2020:07:08:12:14:21	NPC(Zombie)	Drop	KnecklaceOfPoisonPro(1 9802 16068 -17394)
2020:07:08:12:14:23	NPC(Zombie)	Drop	KnecklaceOfPoisonPro(1 17945 10624 -15193)
2020:07:08:12:14:27	NPC(Zombie)	Drop	KnecklaceOfPoisonPro(1 15563 6005 -11742)
2020:07:08:12:31:19	NPC(Fire-Wyvern)	Drop	Gold(82554 42 13762 17562)
2020:07:08:12:31:19	NPC(Fire-Wyvern)	Drop	Gold(55156 26193 7952 17563)
2020:07:08:12:31:19	NPC(Fire-Wyvern)	Drop	MagicNecklace(DF+10)(1 19433 6294 17563)
2020:07:08:12:31:19	NPC(Fire-Wyvern)	Drop	Flameberge+3(LLF)(1 1168 3089 17563)
2020:07:08:12:39:10	NPC(Zombie)	Drop	KnecklaceOfPoisonPro(1 1883 32438 29668)
2020:07:08:12:39:14	NPC(Zombie)	Drop	RingofMage(1 1879 27019 -32123)
2020:07:08:12:39:16	NPC(Zombie)	Drop	KnecklaceOfSufferent(1 22638 22174 -30170)
2020:07:08:12:39:30	NPC(Zombie)	Drop	KnecklaceOfSufferent(1 26914 12440 -16175)
2020:07:08:13:07:44	(192.168.0.28) PC(GM1)	Get	ColonelBlade(1 8769 1075 7 240000)	procella(96 191)
2020:07:08:13:07:56	(192.168.0.28) PC(GM1)	Get	SupremoHeroWand(1 1796 5833 7 0)	procella(91 195)
2020:07:08:13:24:21	(192.168.0.28) PC(GM1)	Get	Gold(13440 29734 25417 7 0)	procella(64 193)
2020:07:08:13:28:07	NPC(Fire-Wyvern)	Drop	ZemstoneofSacrifice(1 4974 24001 17412)
2020:07:08:13:28:07	NPC(Fire-Wyvern)	Drop	Flameberge+3(LLF)(1 27339 24210 17412)
2020:07:08:13:28:07	NPC(Fire-Wyvern)	Drop	Gold(92100 16276 2352 17413)
2020:07:08:13:28:07	NPC(Fire-Wyvern)	Drop	Gold(43308 5166 27570 17413)
2020:07:08:13:28:07	NPC(Fire-Wyvern)	Drop	Gold(88017 25515 15798 17413)
2020:07:08:13:28:07	NPC(Fire-Wyvern)	Drop	MagicNecklace(MS10)(1 21990 31986 17413)
2020:07:08:13:28:51	NPC(Abaddon)	Drop	KnecklaceOfEfreet(1 24637 19737 -3874)
2020:07:08:13:28:51	NPC(Abaddon)	Drop	Gold(80242 3528 10011 -3874)
2020:07:08:13:28:51	NPC(Abaddon)	Drop	MagicNecklace(DF+10)(1 30453 17677 -3874)
2020:07:08:13:28:51	NPC(Abaddon)	Drop	Gold(70917 21837 14678 -3874)
2020:07:08:13:28:51	NPC(Abaddon)	Drop	Gold(69438 16608 28245 -3873)
2020:07:08:13:28:51	NPC(Abaddon)	Drop	Gold(73019 14675 29976 -3873)
2020:07:08:13:28:51	NPC(Abaddon)	Drop	StoneOfMerien(1 25282 16762 -3873)
2020:07:08:13:28:51	NPC(Abaddon)	Drop	LuckyGoldRing(1 10455 3352 -3873)
2020:07:08:13:28:51	NPC(Abaddon)	Drop	KnecklaceOfEfreet(1 5645 7594 -3873)
2020:07:08:13:28:51	NPC(Abaddon)	Drop	BloodAxe(1 4284 19048 -3873)
2020:07:08:13:28:51	NPC(Abaddon)	Drop	KnecklaceOfFirePro(1 2853 25268 -3873)
2020:07:08:13:28:51	NPC(Abaddon)	Drop	MagicNecklace(DF+10)(1 29772 4594 -3873)
2020:07:08:14:02:43	NPC(Ghost-Abaddon)	Drop	Gold(86015 6239 26339 -3401)
2020:07:08:14:02:43	NPC(Ghost-Abaddon)	Drop	Gold(49659 10208 5869 -3401)
2020:07:08:14:02:43	NPC(Ghost-Abaddon)	Drop	Gold(81495 16961 29404 -3401)
2020:07:08:14:02:43	NPC(Ghost-Abaddon)	Drop	MagicNecklace(MS10)(1 14966 17715 -3401)
2020:07:08:14:02:43	NPC(Ghost-Abaddon)	Drop	Gold(77505 19808 25825 -3401)
2020:07:08:14:02:43	NPC(Ghost-Abaddon)	Drop	Gold(73081 24949 27231 -3401)
2020:07:08:14:02:43	NPC(Ghost-Abaddon)	Drop	Gold(86837 15293 32275 -3401)
2020:07:08:14:02:43	NPC(Ghost-Abaddon)	Drop	MagicNecklace(RM10)(1 26671 134 -3401)
2020:07:08:14:02:43	NPC(Ghost-Abaddon)	Drop	MagicNecklace(DF+10)(1 17180 29540 -3401)
2020:07:08:14:02:43	NPC(Ghost-Abaddon)	Drop	StoneOfXelima(1 21461 3760 -3401)
2020:07:08:14:02:43	NPC(Ghost-Abaddon)	Drop	Gold(51578 11898 5531 -3401)
2020:07:08:14:02:43	NPC(Ghost-Abaddon)	Drop	KnecklaceOfEfreet(1 13452 31454 -3401)
2020:07:08:14:02:43	NPC(Ghost-Abaddon)	Drop	StoneOfMerien(1 13211 18531 -3401)
2020:07:08:14:06:33	NPC(Fire-Wyvern)	Drop	StoneOfMerien(1 25721 30562 29340)
2020:07:08:14:06:33	NPC(Fire-Wyvern)	Drop	ZemstoneofSacrifice(1 17050 23595 29340)
2020:07:08:14:06:33	NPC(Fire-Wyvern)	Drop	Gold(53226 13080 7374 29340)
2020:07:08:14:06:33	NPC(Fire-Wyvern)	Drop	Gold(88240 14789 29781 29340)
2020:07:08:14:06:33	NPC(Fire-Wyvern)	Drop	Gold(52394 31103 16241 29340)
2020:07:08:14:06:33	NPC(Fire-Wyvern)	Drop	Flameberge+3(LLF)(1 30422 31952 29340)
2020:07:08:14:10:00	NPC(Fire-Wyvern)	Drop	Gold(84781 22293 22241 -25009)
2020:07:08:14:10:00	NPC(Fire-Wyvern)	Drop	Gold(74696 25090 5410 -25009)
2020:07:08:14:10:00	NPC(Fire-Wyvern)	Drop	StoneOfMerien(1 278 25686 -25009)
2020:07:08:14:10:00	NPC(Fire-Wyvern)	Drop	StoneOfMerien(1 3290 10198 -25009)
2020:07:08:14:10:00	NPC(Fire-Wyvern)	Drop	Gold(57135 2322 26333 -25009)
2020:07:08:14:11:27	NPC(Ghost-Abaddon)	Drop	Gold(63747 21130 21270 -3895)
2020:07:08:14:11:27	NPC(Ghost-Abaddon)	Drop	Gold(71899 19311 19742 -3895)
2020:07:08:14:11:27	NPC(Ghost-Abaddon)	Drop	StoneOfMerien(1 29298 26283 -3895)
2020:07:08:14:11:27	NPC(Ghost-Abaddon)	Drop	Gold(104159 24892 20907 -3895)
2020:07:08:14:11:27	NPC(Ghost-Abaddon)	Drop	MagicNecklace(DF+10)(1 21608 8313 -3894)
2020:07:08:14:11:27	NPC(Ghost-Abaddon)	Drop	ZemstoneofSacrifice(1 26067 7767 -3894)
2020:07:08:14:11:27	NPC(Ghost-Abaddon)	Drop	Gold(72645 30341 3643 -3894)
2020:07:08:14:11:27	NPC(Ghost-Abaddon)	Drop	MassFireStrikeManual(1 18062 19526 -3894)
2020:07:08:14:11:27	NPC(Ghost-Abaddon)	Drop	Gold(49228 18100 27482 -3894)
2020:07:08:14:11:27	NPC(Ghost-Abaddon)	Drop	Gold(66347 9128 28605 -3894)
2020:07:08:14:18:13	NPC(Fire-Wyvern)	Drop	Gold(91435 27726 17255 8994)
2020:07:08:14:18:13	NPC(Fire-Wyvern)	Drop	Gold(61395 22351 25152 8994)
2020:07:08:14:18:13	NPC(Fire-Wyvern)	Drop	Gold(59849 19201 7285 8994)
2020:07:08:14:18:13	NPC(Fire-Wyvern)	Drop	StoneOfMerien(1 10981 11646 8994)
2020:07:08:14:18:13	NPC(Fire-Wyvern)	Drop	Gold(91580 2584 8523 8994)
2020:07:08:14:18:13	NPC(Fire-Wyvern)	Drop	MagicNecklace(MS10)(1 13161 30198 8994)
2020:07:08:14:20:04	NPC(Orc)	Drop	StoneOfMerien(1 26686 3959 -11275)
2020:07:08:14:22:22	NPC(Ghost-Abaddon)	Drop	Gold(51254 9304 3591 -4400)
2020:07:08:14:22:22	NPC(Ghost-Abaddon)	Drop	Gold(86554 1115 4144 -4400)
2020:07:08:14:22:22	NPC(Ghost-Abaddon)	Drop	Gold(82481 506 3253 -4399)
2020:07:08:14:22:22	NPC(Ghost-Abaddon)	Drop	EmeraldRing(1 1658 6731 -4399)
2020:07:08:14:22:22	NPC(Ghost-Abaddon)	Drop	StoneOfMerien(1 8245 18944 -4399)
2020:07:08:14:22:22	NPC(Ghost-Abaddon)	Drop	EmeraldRing(1 28557 8824 -4399)
2020:07:08:14:22:22	NPC(Ghost-Abaddon)	Drop	Gold(65199 32221 106 -4399)
2020:07:08:14:22:22	NPC(Ghost-Abaddon)	Drop	StoneOfMerien(1 12570 13713 -4399)
2020:07:08:14:22:22	NPC(Ghost-Abaddon)	Drop	Gold(72902 23399 19517 -4399)
2020:07:08:14:22:22	NPC(Ghost-Abaddon)	Drop	Gold(75296 30000 5746 -4399)
2020:07:08:14:22:22	NPC(Ghost-Abaddon)	Drop	ZemstoneofSacrifice(1 26544 21731 -4399)
2020:07:08:14:22:22	NPC(Ghost-Abaddon)	Drop	Gold(77223 23432 31522 -4399)
2020:07:08:14:22:22	NPC(Ghost-Abaddon)	Drop	EmeraldRing(1 25557 2822 -4399)
