2020:09:21:16:17:24	NPC(Illusion-Wyvern)	Drop	KnecklaceOfSufferent(1 20277 32229 -8398)
2020:09:21:16:17:24	NPC(Illusion-Wyvern)	Drop	KnecklaceOfLightPro(1 21738 4922 -8398)
2020:09:21:16:17:24	NPC(Illusion-Wyvern)	Drop	SwordofIceElemental(1 3975 569 -8398)
2020:09:21:16:17:24	NPC(Illusion-Wyvern)	Drop	RingofWizard(1 31305 30424 -8398)
2020:09:21:16:17:24	NPC(Illusion-Wyvern)	Drop	RingofMage(1 10910 13745 -8398)
2020:09:21:16:17:24	NPC(Illusion-Wyvern)	Drop	EmeraldRing(1 16602 15593 -8397)
2020:09:21:16:17:24	NPC(Illusion-Wyvern)	Drop	MagicWand(M.Shield)(1 24471 4284 -8397)
2020:09:21:16:17:43	NPC(Abaddon)	Drop	MerienPlateMailM(1 14789 1238 10306)
2020:09:21:16:17:43	NPC(Abaddon)	Drop	KnecklaceOfIcePro(1 24727 31744 10306)
2020:09:21:16:17:43	NPC(Abaddon)	Drop	KnecklaceOfSufferent(1 2781 26997 10306)
2020:09:21:16:17:43	NPC(Abaddon)	Drop	KnecklaceOfLightPro(1 13928 23295 10306)
2020:09:21:16:17:43	NPC(Abaddon)	Drop	SwordofIceElemental(1 31878 28790 10306)
2020:09:21:16:17:43	NPC(Abaddon)	Drop	RingofWizard(1 13906 19521 10306)
2020:09:21:16:17:43	NPC(Abaddon)	Drop	RingofMage(1 13164 1013 10306)
2020:09:21:16:17:43	NPC(Abaddon)	Drop	EmeraldRing(1 5481 3420 10307)
2020:09:21:16:17:43	NPC(Abaddon)	Drop	MagicWand(M.Shield)(1 19274 2061 10307)
2020:09:21:16:17:58	NPC(Abaddon)	Drop	MerienPlateMailM(1 7363 8469 25354)
2020:09:21:16:17:58	NPC(Abaddon)	Drop	KnecklaceOfIcePro(1 10512 4259 25355)
2020:09:21:16:17:58	NPC(Abaddon)	Drop	KnecklaceOfSufferent(1 4990 32353 25355)
2020:09:21:16:17:58	NPC(Abaddon)	Drop	KnecklaceOfLightPro(1 23242 9649 25355)
2020:09:21:16:17:58	NPC(Abaddon)	Drop	SwordofIceElemental(1 28882 31542 25355)
2020:09:21:16:17:58	NPC(Abaddon)	Drop	RingofWizard(1 1802 30875 25355)
2020:09:21:16:17:58	NPC(Abaddon)	Drop	RingofMage(1 23460 30704 25355)
2020:09:21:16:17:58	NPC(Abaddon)	Drop	EmeraldRing(1 5130 17977 25355)
2020:09:21:16:17:58	NPC(Abaddon)	Drop	MagicWand(M.Shield)(1 1087 10406 25355)
2020:09:21:16:18:23	NPC(Abaddon)	Drop	MerienPlateMailM(1 9178 12044 -14583)
2020:09:21:16:18:23	NPC(Abaddon)	Drop	KnecklaceOfIcePro(1 4382 20658 -14583)
2020:09:21:16:18:23	NPC(Abaddon)	Drop	KnecklaceOfSufferent(1 29859 10013 -14583)
2020:09:21:16:18:23	NPC(Abaddon)	Drop	KnecklaceOfLightPro(1 28495 32394 -14582)
2020:09:21:16:18:23	NPC(Abaddon)	Drop	SwordofIceElemental(1 14200 3927 -14582)
2020:09:21:16:18:23	NPC(Abaddon)	Drop	RingofWizard(1 31619 22272 -14582)
2020:09:21:16:18:23	NPC(Abaddon)	Drop	RingofMage(1 17504 18181 -14582)
2020:09:21:16:18:23	NPC(Abaddon)	Drop	EmeraldRing(1 7162 26725 -14582)
2020:09:21:16:18:23	NPC(Abaddon)	Drop	MagicWand(M.Shield)(1 31076 18839 -14582)
2020:09:21:16:18:49	NPC(Abaddon)	Drop	MerienPlateMailM(1 12116 17195 11268)
2020:09:21:16:18:49	NPC(Abaddon)	Drop	KnecklaceOfIcePro(1 17198 1149 11268)
2020:09:21:16:18:49	NPC(Abaddon)	Drop	KnecklaceOfSufferent(1 7106 71 11268)
2020:09:21:16:18:49	NPC(Abaddon)	Drop	KnecklaceOfLightPro(1 21492 21134 11268)
2020:09:21:16:18:49	NPC(Abaddon)	Drop	SwordofIceElemental(1 11113 26774 11268)
2020:09:21:16:18:49	NPC(Abaddon)	Drop	RingofWizard(1 20515 24049 11269)
2020:09:21:16:18:49	NPC(Abaddon)	Drop	RingofMage(1 9723 15113 11269)
2020:09:21:16:18:49	NPC(Abaddon)	Drop	EmeraldRing(1 8863 7005 11269)
2020:09:21:16:18:49	NPC(Abaddon)	Drop	MagicWand(M.Shield)(1 15097 1293 11269)
2020:09:21:16:19:12	NPC(Abaddon)	Drop	MerienShield(1 14446 4160 -31969)
2020:09:21:16:19:12	NPC(Abaddon)	Drop	MerienPlateMailW(1 30782 27093 -31969)
2020:09:21:16:19:12	NPC(Abaddon)	Drop	MerienPlateMailM(1 32028 25354 -31969)
2020:09:21:16:19:12	NPC(Abaddon)	Drop	KnecklaceOfIcePro(1 4923 31067 -31969)
2020:09:21:16:19:12	NPC(Abaddon)	Drop	KnecklaceOfSufferent(1 23824 29527 -31969)
2020:09:21:16:19:12	NPC(Abaddon)	Drop	KnecklaceOfLightPro(1 20246 24283 -31969)
2020:09:21:16:19:12	NPC(Abaddon)	Drop	SwordofIceElemental(1 19553 12470 -31969)
2020:09:21:16:19:12	NPC(Abaddon)	Drop	RingofWizard(1 29789 10738 -31969)
2020:09:21:16:19:12	NPC(Abaddon)	Drop	RingofMage(1 26241 13934 -31969)
2020:09:21:16:19:12	NPC(Abaddon)	Drop	EmeraldRing(1 30111 6988 -31969)
2020:09:21:16:19:12	NPC(Abaddon)	Drop	MagicWand(M.Shield)(1 5544 1724 -31968)
2020:09:21:16:19:36	NPC(Abaddon)	Drop	MerienPlateMailW(1 28848 22478 -7565)
2020:09:21:16:19:36	NPC(Abaddon)	Drop	MerienPlateMailM(1 20713 14948 -7565)
2020:09:21:16:19:36	NPC(Abaddon)	Drop	KnecklaceOfIcePro(1 15542 29006 -7565)
2020:09:21:16:19:36	NPC(Abaddon)	Drop	KnecklaceOfSufferent(1 26715 7358 -7565)
2020:09:21:16:19:36	NPC(Abaddon)	Drop	KnecklaceOfLightPro(1 11884 28969 -7565)
2020:09:21:16:19:36	NPC(Abaddon)	Drop	SwordofIceElemental(1 32105 4368 -7565)
2020:09:21:16:19:36	NPC(Abaddon)	Drop	RingofWizard(1 24357 32649 -7565)
2020:09:21:16:19:36	NPC(Abaddon)	Drop	RingofMage(1 19545 10886 -7565)
2020:09:21:16:19:36	NPC(Abaddon)	Drop	EmeraldRing(1 21324 8039 -7565)
2020:09:21:16:19:36	NPC(Abaddon)	Drop	MagicWand(M.Shield)(1 361 8823 -7565)
