2020:07:12:16:10:20	(10.0.0.104) PC(Magn0S[GM])	Drop	MagicNecklace(RM30)(1 1227 18815 7 0)	cityhall_1(43 48)
2020:07:12:16:10:22	(10.0.0.104) PC(Magn0S[GM])	Drop	TargeShield(1 1737 24047 7 820000)	cityhall_1(43 48)
2020:07:12:16:10:32	(10.0.0.104) PC(Magn0S[GM])	Drop	DarkMageHat(1 5881 198 1 0)	cityhall_1(43 48)
2020:07:12:16:10:40	(10.0.0.104) PC(Magn0S[GM])	Drop	ManaDSword(1 9364 24991 7 0)	cityhall_1(43 48)
2020:07:12:16:10:42	(10.0.0.104) PC(Magn0S[GM])	Drop	StaminarDSword(1 30813 17544 7 0)	cityhall_1(43 48)
2020:07:12:16:10:44	(10.0.0.104) PC(Magn0S[GM])	Drop	DarkKnightFlameberge(1 5881 198 1 0)	cityhall_1(43 48)
2020:07:12:16:10:49	(10.0.0.104) PC(Magn0S[GM])	Drop	BlackShadowSword(1 0 0 0 0)	cityhall_1(43 48)
2020:07:12:16:27:57	NPC(Zombie)	Drop	RingofMage(1 15011 9611 3478)
2020:07:12:16:28:10	NPC(Zombie)	Drop	KnecklaceOfSufferent(1 6324 28867 15727)
2020:07:12:16:37:11	NPC(Zombie)	Drop	RingofMage(1 21432 16676 32417)
2020:07:12:17:01:09	NPC(Zombie)	Drop	KnecklaceOfSufferent(1 8449 30604 28748)
2020:07:12:17:36:56	NPC(Zombie)	Drop	RingofMage(1 6730 5935 13458)
2020:07:12:17:42:09	NPC(Zombie)	Drop	KnecklaceOfPoisonPro(1 19025 27555 -1419)
2020:07:12:17:42:15	NPC(Zombie)	Drop	KnecklaceOfPoisonPro(1 1971 16461 4582)
2020:07:12:17:42:19	NPC(Zombie)	Drop	RingofMage(1 8684 14485 8928)
2020:07:12:17:42:21	NPC(Zombie)	Drop	RingofMage(1 2629 15763 10478)
2020:07:12:17:42:23	NPC(Zombie)	Drop	KnecklaceOfSufferent(1 17663 21042 12429)
2020:07:12:17:42:29	NPC(Zombie)	Drop	KnecklaceOfSufferent(1 12693 30181 18628)
2020:07:12:17:42:31	NPC(Zombie)	Drop	RingofMage(1 6511 8303 20479)
2020:07:12:17:42:35	NPC(Zombie)	Drop	KnecklaceOfPoisonPro(1 5746 25303 25128)
2020:07:12:17:42:37	NPC(Zombie)	Drop	KnecklaceOfPoisonPro(1 25522 6820 26479)
2020:07:12:17:42:39	NPC(Zombie)	Drop	RingofMage(1 20384 32117 29129)
2020:07:12:17:42:42	NPC(Zombie)	Drop	KnecklaceOfSufferent(1 24216 9865 31529)
2020:07:12:17:42:43	NPC(Zombie)	Drop	KnecklaceOfSufferent(1 13164 5820 32578)
2020:07:12:17:42:46	NPC(Zombie)	Drop	RingofMage(1 28479 24132 -30256)
2020:07:12:17:42:48	NPC(Zombie)	Drop	KnecklaceOfSufferent(1 24022 13118 -28358)
2020:07:12:17:42:49	NPC(Zombie)	Drop	KnecklaceOfSufferent(1 9922 28067 -26558)
2020:07:12:17:42:50	NPC(Zombie)	Drop	RingofMage(1 2010 14363 -26056)
2020:07:12:17:42:54	NPC(Zombie)	Drop	RingofMage(1 1897 3983 -21390)
2020:07:12:17:42:58	NPC(Zombie)	Drop	RingofMage(1 12754 5628 -18055)
2020:07:12:17:43:01	NPC(Zombie)	Drop	KnecklaceOfSufferent(1 25376 4052 -15207)
2020:07:12:17:43:03	NPC(Zombie)	Drop	RingofMage(1 9197 3534 -13007)
2020:07:12:17:43:05	NPC(Zombie)	Drop	KnecklaceOfPoisonPro(1 25127 27165 -10908)
2020:07:12:17:43:12	NPC(Zombie)	Drop	RingofMage(1 27295 27880 -4121)
2020:07:12:17:43:12	NPC(Zombie)	Drop	RingofMage(1 24724 3868 -4111)
2020:07:12:17:43:13	NPC(Zombie)	Drop	RingofMage(1 12712 31827 -2408)
2020:07:12:17:43:15	NPC(Zombie)	Drop	KnecklaceOfSufferent(1 14621 8481 -757)
2020:07:12:17:43:20	NPC(Zombie)	Drop	KnecklaceOfSufferent(1 1356 288 3992)
2020:07:12:17:43:21	NPC(Zombie)	Drop	KnecklaceOfPoisonPro(1 21920 22433 4642)
2020:07:12:17:43:21	NPC(Zombie)	Drop	KnecklaceOfSufferent(1 30022 19940 5443)
2020:07:12:17:43:37	NPC(Zombie)	Drop	KnecklaceOfPoisonPro(1 23430 175 21093)
2020:07:12:17:43:38	NPC(Zombie)	Drop	KnecklaceOfPoisonPro(1 24567 11618 21392)
2020:07:12:17:43:40	NPC(Zombie)	Drop	KnecklaceOfSufferent(1 13136 693 24061)
2020:07:12:17:44:08	NPC(Zombie)	Drop	KnecklaceOfSufferent(1 2660 837 -13343)
2020:07:12:17:44:16	NPC(Zombie)	Drop	RingofMage(1 30741 17207 -5692)
2020:07:12:17:44:19	NPC(Zombie)	Drop	RingofMage(1 27101 8154 -2444)
2020:07:12:17:44:20	NPC(Zombie)	Drop	KnecklaceOfPoisonPro(1 21170 2592 -1191)
2020:07:12:17:44:23	NPC(Zombie)	Drop	KnecklaceOfSufferent(1 15424 19010 1406)
2020:07:12:17:44:33	NPC(Zombie)	Drop	KnecklaceOfPoisonPro(1 6112 26574 11356)
2020:07:12:17:44:35	NPC(Zombie)	Drop	KnecklaceOfSufferent(1 16171 17546 13406)
2020:07:12:18:16:16	NPC(Zombie)	Drop	RingofMage(1 8318 27510 13614)
2020:07:12:18:16:18	NPC(Zombie)	Drop	KnecklaceOfPoisonPro(1 16943 25954 16362)
2020:07:12:18:31:10	NPC(Zombie)	Drop	RingofMage(1 10252 25370 -9492)
2020:07:12:18:46:09	NPC(Zombie)	Drop	RingofMage(1 9569 21917 -27746)
2020:07:12:18:47:45	NPC(Zombie)	Drop	KnecklaceOfSufferent(1 13996 25726 2118)
2020:07:12:19:02:26	NPC(Zombie)	Drop	KnecklaceOfSufferent(1 9072 10989 31101)
2020:07:12:19:12:15	NPC(Zombie)	Drop	RingofMage(1 7580 30268 30728)
2020:07:12:19:12:16	NPC(Zombie)	Drop	KnecklaceOfSufferent(1 3275 10766 31826)
2020:07:12:19:32:08	NPC(Zombie)	Drop	KnecklaceOfSufferent(1 2825 17026 -21705)
2020:07:12:19:32:10	NPC(Zombie)	Drop	RingofMage(1 22606 11568 -19907)
2020:07:12:19:36:44	NPC(Zombie)	Drop	RingofMage(1 20983 21235 -7350)
2020:07:12:19:37:12	NPC(Zombie)	Drop	KnecklaceOfPoisonPro(1 15250 22503 20550)
2020:07:12:20:55:04	NPC(Zombie)	Drop	KnecklaceOfSufferent(1 22073 32232 -26042)
2020:07:12:22:57:45	NPC(Zombie)	Drop	KnecklaceOfSufferent(1 13079 18215 -5794)
2020:07:12:23:05:33	NPC(Zombie)	Drop	KnecklaceOfPoisonPro(1 7060 1648 4154)
