2020:07:03:14:48:06	NPC(Zombie)	Drop	KnecklaceOfSufferent(1 3992 19929 27077)
2020:07:03:14:48:09	NPC(Zombie)	Drop	KnecklaceOfSufferent(1 27670 19631 29976)
2020:07:03:14:48:10	NPC(Zombie)	Drop	KnecklaceOfSufferent(1 19475 9023 30625)
2020:07:03:14:48:11	NPC(Zombie)	Drop	KnecklaceOfSufferent(1 26700 20683 31776)
2020:07:03:14:48:13	NPC(Zombie)	Drop	KnecklaceOfSufferent(1 24801 20030 -31562)
2020:07:03:14:48:14	NPC(Zombie)	Drop	RingofMage(1 8050 3687 -31312)
2020:07:03:15:02:34	NPC(Zombie)	Drop	RingofMage(1 542 29116 -23379)
2020:07:03:15:09:20	NPC(Zombie)	Drop	KnecklaceOfSufferent(1 19466 3116 -10195)
2020:07:03:15:10:05	NPC(Zombie)	Drop	KnecklaceOfSufferent(1 16286 30695 -30381)
2020:07:03:15:28:43	NPC(Zombie)	Drop	RingofMage(1 10031 14044 -26891)
2020:07:03:15:28:44	NPC(Zombie)	Drop	KnecklaceOfSufferent(1 31724 31316 -25643)
2020:07:03:15:28:45	NPC(Zombie)	Drop	RingofMage(1 28219 4788 -24442)
2020:07:03:15:28:50	NPC(Zombie)	Drop	RingofMage(1 6596 3653 -20093)
2020:07:03:15:28:55	NPC(Zombie)	Drop	KnecklaceOfSufferent(1 23729 6235 -14994)
2020:07:03:15:44:57	NPC(Zombie)	Drop	KnecklaceOfPoisonPro(1 27169 18258 29280)
2020:07:03:15:44:58	NPC(Zombie)	Drop	KnecklaceOfSufferent(1 25928 32217 31003)
2020:07:03:15:45:03	NPC(Zombie)	Drop	KnecklaceOfSufferent(1 2219 20347 -29684)
2020:07:03:15:45:08	NPC(Zombie)	Drop	KnecklaceOfPoisonPro(1 31269 11778 -25034)
2020:07:03:16:54:37	NPC(Zombie)	Drop	KnecklaceOfPoisonPro(1 16462 23784 15900)
2020:07:03:16:54:42	NPC(Zombie)	Drop	KnecklaceOfPoisonPro(1 26288 2864 20201)
2020:07:03:16:54:48	NPC(Zombie)	Drop	KnecklaceOfSufferent(1 27966 11788 25998)
2020:07:03:16:54:49	NPC(Zombie)	Drop	KnecklaceOfPoisonPro(1 17781 8914 27249)
2020:07:03:16:54:49	NPC(Zombie)	Drop	RingofMage(1 19861 646 27898)
2020:07:03:16:54:58	NPC(Zombie)	Drop	RingofMage(1 12417 10608 -28887)
2020:07:03:16:55:01	NPC(Zombie)	Drop	KnecklaceOfSufferent(1 16339 10477 -26588)
2020:07:03:16:55:14	NPC(Zombie)	Drop	KnecklaceOfSufferent(1 19611 7301 -13337)
2020:07:03:17:05:51	NPC(Zombie)	Drop	RingofMage(1 24230 32663 -31747)
2020:07:03:17:05:56	NPC(Zombie)	Drop	KnecklaceOfSufferent(1 16377 26237 -26945)
2020:07:03:17:05:58	NPC(Zombie)	Drop	KnecklaceOfSufferent(1 26569 26708 -24396)
2020:07:03:17:55:12	NPC(Zombie)	Drop	KnecklaceOfSufferent(1 30111 1050 -19316)
2020:07:03:18:17:51	NPC(Zombie)	Drop	KnecklaceOfPoisonPro(1 13933 5673 28912)
2020:07:03:18:17:55	NPC(Zombie)	Drop	KnecklaceOfSufferent(1 22152 5575 32313)
2020:07:03:18:17:56	NPC(Zombie)	Drop	RingofMage(1 22460 12092 -32023)
2020:07:03:18:19:09	NPC(Zombie)	Drop	KnecklaceOfSufferent(1 28273 876 -24659)
2020:07:03:18:19:24	NPC(Zombie)	Drop	KnecklaceOfSufferent(1 8435 6587 -9407)
2020:07:03:18:19:28	NPC(Zombie)	Drop	KnecklaceOfPoisonPro(1 13906 21357 -5409)
2020:07:03:18:19:35	NPC(Zombie)	Drop	RingofMage(1 14826 28045 1741)
2020:07:03:18:20:01	NPC(Zombie)	Drop	RingofMage(1 25910 29069 27491)
2020:07:03:19:04:16	NPC(Zombie)	Drop	KnecklaceOfPoisonPro(1 28765 20923 -4735)
2020:07:03:19:04:21	NPC(Zombie)	Drop	KnecklaceOfSufferent(1 12260 22888 815)
2020:07:03:19:04:26	NPC(Zombie)	Drop	RingofMage(1 7363 21383 5714)
2020:07:03:19:04:35	NPC(Zombie)	Drop	RingofMage(1 16563 16198 14865)
2020:07:03:19:04:39	NPC(Zombie)	Drop	KnecklaceOfPoisonPro(1 17900 3558 18614)
2020:07:03:19:05:03	NPC(Zombie)	Drop	KnecklaceOfSufferent(1 21432 15688 -22622)
2020:07:03:19:05:42	NPC(Zombie)	Drop	RingofMage(1 14539 24485 15778)
2020:07:03:19:06:40	NPC(Zombie)	Drop	RingofMage(1 11228 12088 8993)
2020:07:03:19:06:54	NPC(Zombie)	Drop	KnecklaceOfPoisonPro(1 29368 14619 22593)
2020:07:03:19:07:36	NPC(Zombie)	Drop	KnecklaceOfSufferent(1 10282 3481 -792)
2020:07:03:19:07:38	NPC(Zombie)	Drop	KnecklaceOfPoisonPro(1 22934 26948 1106)
2020:07:03:19:07:41	NPC(Zombie)	Drop	KnecklaceOfSufferent(1 30319 12543 3906)
2020:07:03:19:24:29	NPC(Zombie)	Drop	KnecklaceOfPoisonPro(1 27058 7470 29168)
2020:07:03:19:47:24	NPC(Zombie)	Drop	RingofMage(1 10552 10454 27461)
2020:07:03:19:58:42	NPC(Zombie)	Drop	KnecklaceOfSufferent(1 28650 23000 -15136)
2020:07:03:20:15:53	NPC(Zombie)	Drop	RingofMage(1 6885 9702 -32262)
2020:07:03:20:15:55	NPC(Zombie)	Drop	RingofMage(1 14494 22677 -30612)
2020:07:03:20:46:15	NPC(Zombie)	Drop	KnecklaceOfPoisonPro(1 5673 6786 19517)
2020:07:03:20:46:16	NPC(Zombie)	Drop	KnecklaceOfPoisonPro(1 29306 32418 21267)
2020:07:03:21:05:20	NPC(Zombie)	Drop	KnecklaceOfPoisonPro(1 7516 31917 -15280)
2020:07:03:21:22:55	NPC(Zombie)	Drop	RingofMage(1 10127 1899 -7958)
2020:07:03:21:37:37	NPC(Zombie)	Drop	KnecklaceOfSufferent(1 19214 18484 21777)
2020:07:03:21:52:58	NPC(Zombie)	Drop	RingofMage(1 25362 2371 24970)
2020:07:03:21:53:02	NPC(Zombie)	Drop	RingofMage(1 8449 30966 29122)
2020:07:03:21:53:02	NPC(Zombie)	Drop	KnecklaceOfSufferent(1 4458 17095 29221)
2020:07:03:21:53:05	NPC(Zombie)	Drop	KnecklaceOfSufferent(1 25165 21994 31820)
2020:07:03:21:53:07	NPC(Zombie)	Drop	RingofMage(1 14459 25434 -31866)
2020:07:03:22:12:13	NPC(Zombie)	Drop	KnecklaceOfSufferent(1 10066 7665 373)
2020:07:03:22:12:15	NPC(Zombie)	Drop	KnecklaceOfPoisonPro(1 13336 19606 2923)
2020:07:03:22:12:34	NPC(Zombie)	Drop	KnecklaceOfSufferent(1 22964 2428 21223)
2020:07:03:22:12:36	NPC(Zombie)	Drop	RingofMage(1 29100 25003 23572)
2020:07:03:22:12:39	NPC(Zombie)	Drop	RingofMage(1 17965 20559 26022)
2020:07:03:22:12:42	NPC(Zombie)	Drop	RingofMage(1 2951 660 29122)
2020:07:03:22:12:44	NPC(Zombie)	Drop	KnecklaceOfPoisonPro(1 56 478 31073)
2020:07:03:22:13:32	NPC(Zombie)	Drop	KnecklaceOfPoisonPro(1 27899 21123 14186)
2020:07:03:22:13:36	NPC(Zombie)	Drop	KnecklaceOfPoisonPro(1 19618 7832 17837)
2020:07:03:22:13:40	NPC(Zombie)	Drop	RingofMage(1 3440 2984 21837)
2020:07:03:22:13:46	NPC(Zombie)	Drop	RingofMage(1 30047 26944 28037)
2020:07:03:22:13:51	NPC(Zombie)	Drop	KnecklaceOfPoisonPro(1 5713 32004 -32349)
2020:07:03:22:13:55	NPC(Zombie)	Drop	RingofMage(1 13230 22441 -28299)
2020:07:03:22:13:57	NPC(Zombie)	Drop	RingofMage(1 22459 29951 -26398)
2020:07:03:22:42:32	NPC(Zombie)	Drop	KnecklaceOfSufferent(1 5617 13016 -15285)
2020:07:03:23:26:42	NPC(Zombie)	Drop	RingofMage(1 4299 13454 12926)
2020:07:03:23:28:04	NPC(Zombie)	Drop	KnecklaceOfPoisonPro(1 23055 1255 29788)
2020:07:03:23:28:05	NPC(Zombie)	Drop	KnecklaceOfSufferent(1 20843 21968 30690)
2020:07:03:23:28:20	NPC(Zombie)	Drop	KnecklaceOfPoisonPro(1 1380 17384 -20246)
2020:07:03:23:41:12	(10.0.0.104) PC(GM1)	Drop	TowerShield(1 31049 29407 630 830000)	elvine(119 87)
2020:07:03:23:41:12	(10.0.0.104) PC(GM1)	Get	TowerShield(1 31049 29407 630 830000)	elvine(119 87)
2020:07:03:23:41:47	(10.0.0.104) PC(GM1)	Drop	KlonessBlade(1 0 0 0 0)	elvine(119 86)
2020:07:03:23:41:48	(10.0.0.104) PC(GM1)	Get	KlonessBlade(1 0 0 0 0)	elvine(119 86)
2020:07:03:23:41:55	(10.0.0.104) PC(GM1)	Drop	KlonessBlade(1 0 0 0 0)	elvine(125 83)
2020:07:03:23:41:56	(10.0.0.104) PC(GM1)	Get	KlonessBlade(1 0 0 0 0)	elvine(125 83)
2020:07:03:23:42:15	(10.0.0.104) PC(GM1)	Drop	KlonessBlade(1 0 0 0 0)	cityhall_2(43 46)
2020:07:03:23:42:16	(10.0.0.104) PC(GM1)	Get	KlonessBlade(1 0 0 0 0)	cityhall_2(43 46)
2020:07:03:23:43:39	(10.0.0.104) PC(GM1)	Drop	GreenCandy(1 0 0 0 0)	cityhall_2(47 39)
2020:07:03:23:43:41	(10.0.0.104) PC(GM1)	Get	GreenCandy(1 0 0 0 0)	cityhall_2(47 39)
2020:07:03:23:43:42	(10.0.0.104) PC(GM1)	Deplete	GreenCandy(1 0 0 0 0)	cityhall_2(47 42)
2020:07:03:23:43:54	(10.0.0.104) PC(GM1)	Drop	BleedingIslandTicket(1 0 0 0 0)	cityhall_2(46 45)
2020:07:03:23:43:54	(10.0.0.104) PC(GM1)	Get	BleedingIslandTicket(1 0 0 0 0)	cityhall_2(46 45)
