  Jcapimin.c
  Jcapistd.c
  Jccoefct.c
  Jccolor.c
  Jcdctmgr.c
  Jchuff.c
  Jcinit.c
  Jcmainct.c
  Jcmarker.c
  Jcmaster.c
  Jcomapi.c
  Jcparam.c
  Jcphuff.c
  Jcprepct.c
  Jcsample.c
  Jctrans.c
  Jdapimin.c
  Jdapistd.c
  Jdatadst.c
  Jdatasrc.c
  Generating Code...
  Compiling...
  Jdcoefct.c
  Jdcolor.c
  Jddctmgr.c
  Jdhuff.c
  Jdinput.c
  Jdmainct.c
  Jdmarker.c
  Jdmaster.c
  Jdmerge.c
  Jdphuff.c
  Jdpostct.c
  Jdsample.c
  Jdtrans.c
  Jerror.c
C:\Users\jcenturion\OneDrive - DXC Production\Desktop\HBGhost\Client\jpeg\Jerror.c(193,5): warning C4996: 'sprintf': This function or variable may be unsafe. Consider using sprintf_s instead. To disable deprecation, use _CRT_SECURE_NO_WARNINGS. See online help for details.
C:\Users\jcenturion\OneDrive - DXC Production\Desktop\HBGhost\Client\jpeg\Jerror.c(195,5): warning C4996: 'sprintf': This function or variable may be unsafe. Consider using sprintf_s instead. To disable deprecation, use _CRT_SECURE_NO_WARNINGS. See online help for details.
  Jfdctflt.c
  Jfdctfst.c
  Jfdctint.c
  Jidctflt.c
  Jidctfst.c
  Jidctint.c
  Generating Code...
  Compiling...
  Jidctred.c
  Jmemmgr.c
C:\Users\jcenturion\OneDrive - DXC Production\Desktop\HBGhost\Client\jpeg\Jmemmgr.c(1106,19): warning C4996: 'getenv': This function or variable may be unsafe. Consider using _dupenv_s instead. To disable deprecation, use _CRT_SECURE_NO_WARNINGS. See online help for details.
C:\Users\jcenturion\OneDrive - DXC Production\Desktop\HBGhost\Client\jpeg\Jmemmgr.c(1109,11): warning C4996: 'sscanf': This function or variable may be unsafe. Consider using sscanf_s instead. To disable deprecation, use _CRT_SECURE_NO_WARNINGS. See online help for details.
  Jmemnobs.c
  Jquant1.c
  Jquant2.c
  Jutils.c
  Generating Code...
  jpeg.vcxproj -> C:\Users\jcenturion\OneDrive - DXC Production\Desktop\HBGhost\Client\jpeg\Release\jpeg.lib
