c:\users\centu\desktop\hbghost\client\jpeg\release\jpeg.pdb
c:\users\centu\desktop\hbghost\client\jpeg\release\jdatasrc.obj
c:\users\centu\desktop\hbghost\client\jpeg\release\jdatadst.obj
c:\users\centu\desktop\hbghost\client\jpeg\release\jdapistd.obj
c:\users\centu\desktop\hbghost\client\jpeg\release\jdapimin.obj
c:\users\centu\desktop\hbghost\client\jpeg\release\jctrans.obj
c:\users\centu\desktop\hbghost\client\jpeg\release\jcsample.obj
c:\users\centu\desktop\hbghost\client\jpeg\release\jcprepct.obj
c:\users\centu\desktop\hbghost\client\jpeg\release\jcphuff.obj
c:\users\centu\desktop\hbghost\client\jpeg\release\jcparam.obj
c:\users\centu\desktop\hbghost\client\jpeg\release\jcomapi.obj
c:\users\centu\desktop\hbghost\client\jpeg\release\jcmaster.obj
c:\users\centu\desktop\hbghost\client\jpeg\release\jcmarker.obj
c:\users\centu\desktop\hbghost\client\jpeg\release\jcmainct.obj
c:\users\centu\desktop\hbghost\client\jpeg\release\jcinit.obj
c:\users\centu\desktop\hbghost\client\jpeg\release\jchuff.obj
c:\users\centu\desktop\hbghost\client\jpeg\release\jcdctmgr.obj
c:\users\centu\desktop\hbghost\client\jpeg\release\jccolor.obj
c:\users\centu\desktop\hbghost\client\jpeg\release\jccoefct.obj
c:\users\centu\desktop\hbghost\client\jpeg\release\jcapistd.obj
c:\users\centu\desktop\hbghost\client\jpeg\release\jcapimin.obj
c:\users\centu\desktop\hbghost\client\jpeg\release\jidctint.obj
c:\users\centu\desktop\hbghost\client\jpeg\release\jidctfst.obj
c:\users\centu\desktop\hbghost\client\jpeg\release\jidctflt.obj
c:\users\centu\desktop\hbghost\client\jpeg\release\jfdctint.obj
c:\users\centu\desktop\hbghost\client\jpeg\release\jfdctfst.obj
c:\users\centu\desktop\hbghost\client\jpeg\release\jfdctflt.obj
c:\users\centu\desktop\hbghost\client\jpeg\release\jerror.obj
c:\users\centu\desktop\hbghost\client\jpeg\release\jdtrans.obj
c:\users\centu\desktop\hbghost\client\jpeg\release\jdsample.obj
c:\users\centu\desktop\hbghost\client\jpeg\release\jdpostct.obj
c:\users\centu\desktop\hbghost\client\jpeg\release\jdphuff.obj
c:\users\centu\desktop\hbghost\client\jpeg\release\jdmerge.obj
c:\users\centu\desktop\hbghost\client\jpeg\release\jdmaster.obj
c:\users\centu\desktop\hbghost\client\jpeg\release\jdmarker.obj
c:\users\centu\desktop\hbghost\client\jpeg\release\jdmainct.obj
c:\users\centu\desktop\hbghost\client\jpeg\release\jdinput.obj
c:\users\centu\desktop\hbghost\client\jpeg\release\jdhuff.obj
c:\users\centu\desktop\hbghost\client\jpeg\release\jddctmgr.obj
c:\users\centu\desktop\hbghost\client\jpeg\release\jdcolor.obj
c:\users\centu\desktop\hbghost\client\jpeg\release\jdcoefct.obj
c:\users\centu\desktop\hbghost\client\jpeg\release\jutils.obj
c:\users\centu\desktop\hbghost\client\jpeg\release\jquant2.obj
c:\users\centu\desktop\hbghost\client\jpeg\release\jquant1.obj
c:\users\centu\desktop\hbghost\client\jpeg\release\jmemnobs.obj
c:\users\centu\desktop\hbghost\client\jpeg\release\jmemmgr.obj
c:\users\centu\desktop\hbghost\client\jpeg\release\jidctred.obj
c:\users\centu\desktop\hbghost\client\jpeg\release\jpeg.lib
c:\users\centu\desktop\hbghost\client\jpeg\release\jpeg.tlog\cl.command.1.tlog
c:\users\centu\desktop\hbghost\client\jpeg\release\jpeg.tlog\cl.read.1.tlog
c:\users\centu\desktop\hbghost\client\jpeg\release\jpeg.tlog\cl.write.1.tlog
c:\users\centu\desktop\hbghost\client\jpeg\release\jpeg.tlog\lib-link.read.1.tlog
c:\users\centu\desktop\hbghost\client\jpeg\release\jpeg.tlog\lib-link.write.1.tlog
c:\users\centu\desktop\hbghost\client\jpeg\release\jpeg.tlog\lib.command.1.tlog
