  Apocalypse.cpp
C:\Users\DJGASSS\Desktop\HBGhost\HGServer\Apocalypse.cpp(867,9): warning C4101: 'i5': variable local sin referencia
  BuildItem.cpp
  CaptureTheFlag.cpp
  Client.cpp
  Crusade.cpp
  DebugDialog.cpp
  DelayEvent.cpp
  DynamicObject.cpp
  Fish.cpp
  Game.cpp
C:\Users\DJGASSS\Desktop\HBGhost\HGServer\Game.cpp(1620,16): warning C4101: 'iMapSide2': variable local sin referencia
C:\Users\DJGASSS\Desktop\HBGhost\HGServer\Game.cpp(3387,15): warning C4101: 'pItem': variable local sin referencia
C:\Users\DJGASSS\Desktop\HBGhost\HGServer\Game.cpp(3386,7): warning C4101: 'bIsLevelUp': variable local sin referencia
C:\Users\DJGASSS\Desktop\HBGhost\HGServer\Game.cpp(9722,27): warning C4101: 'KilledMessage2': variable local sin referencia
C:\Users\DJGASSS\Desktop\HBGhost\HGServer\Game.cpp(9722,87): warning C4101: 'KilledMessage5': variable local sin referencia
C:\Users\DJGASSS\Desktop\HBGhost\HGServer\Game.cpp(9722,107): warning C4101: 'KilledMessage6': variable local sin referencia
C:\Users\DJGASSS\Desktop\HBGhost\HGServer\Game.cpp(9722,7): warning C4101: 'KilledMessage1': variable local sin referencia
C:\Users\DJGASSS\Desktop\HBGhost\HGServer\Game.cpp(9723,15): warning C4101: 'KMRand': variable local sin referencia
C:\Users\DJGASSS\Desktop\HBGhost\HGServer\Game.cpp(9722,67): warning C4101: 'KilledMessage4': variable local sin referencia
C:\Users\DJGASSS\Desktop\HBGhost\HGServer\Game.cpp(9722,47): warning C4101: 'KilledMessage3': variable local sin referencia
C:\Users\DJGASSS\Desktop\HBGhost\HGServer\Game.cpp(15808,9): warning C4101: 'sSpr': variable local sin referencia
C:\Users\DJGASSS\Desktop\HBGhost\HGServer\Game.cpp(15808,15): warning C4101: 'sSprFrame': variable local sin referencia
C:\Users\DJGASSS\Desktop\HBGhost\HGServer\Game.cpp(16530,30): warning C4101: 'len': variable local sin referencia
C:\Users\DJGASSS\Desktop\HBGhost\HGServer\Game.cpp(16567,10): warning C4101: 'dwp': variable local sin referencia
C:\Users\DJGASSS\Desktop\HBGhost\HGServer\Game.cpp(16561,11): warning C4101: 'cp': variable local sin referencia
C:\Users\DJGASSS\Desktop\HBGhost\HGServer\Game.cpp(16568,10): warning C4101: 'wp': variable local sin referencia
C:\Users\DJGASSS\Desktop\HBGhost\HGServer\Game.cpp(16566,9): warning C4101: 'iRet': variable local sin referencia
C:\Users\DJGASSS\Desktop\HBGhost\HGServer\Game.cpp(16565,11): warning C4101: 'sp': variable local sin referencia
C:\Users\DJGASSS\Desktop\HBGhost\HGServer\Game.cpp(16719,43): warning C4101: 'cTemp': variable local sin referencia
C:\Users\DJGASSS\Desktop\HBGhost\HGServer\Game.cpp(19386,44): warning C4101: 'cName': variable local sin referencia
C:\Users\DJGASSS\Desktop\HBGhost\HGServer\Game.cpp(19633,8): warning C4101: 'sRemainItemSprite': variable local sin referencia
C:\Users\DJGASSS\Desktop\HBGhost\HGServer\Game.cpp(19633,27): warning C4101: 'sRemainItemSpriteFrame': variable local sin referencia
C:\Users\DJGASSS\Desktop\HBGhost\HGServer\Game.cpp(23917,15): warning C4101: 'pItem': variable local sin referencia
C:\Users\DJGASSS\Desktop\HBGhost\HGServer\Game.cpp(23974,87): warning C4101: 'iMapside2': variable local sin referencia
C:\Users\DJGASSS\Desktop\HBGhost\HGServer\Game.cpp(25200,18): warning C4101: 'cName': variable local sin referencia
C:\Users\DJGASSS\Desktop\HBGhost\HGServer\Game.cpp(25796,10): warning C4101: 'iResult': variable local sin referencia
C:\Users\DJGASSS\Desktop\HBGhost\HGServer\Game.cpp(25800,10): warning C4101: 'iDiceValue': variable local sin referencia
C:\Users\DJGASSS\Desktop\HBGhost\HGServer\Game.cpp(26055,48): warning C4101: 'iIndex': variable local sin referencia
C:\Users\DJGASSS\Desktop\HBGhost\HGServer\Game.cpp(27173,18): warning C4101: 'i': variable local sin referencia
C:\Users\DJGASSS\Desktop\HBGhost\HGServer\Game.cpp(27234,8): warning C4101: 'cp': variable local sin referencia
C:\Users\DJGASSS\Desktop\HBGhost\HGServer\Game.cpp(27233,8): warning C4101: 'wp': variable local sin referencia
C:\Users\DJGASSS\Desktop\HBGhost\HGServer\Game.cpp(27235,7): warning C4101: 'cBuff': variable local sin referencia
C:\Users\DJGASSS\Desktop\HBGhost\HGServer\Game.cpp(28876,7): warning C4101: 'ip': variable local sin referencia
C:\Users\DJGASSS\Desktop\HBGhost\HGServer\Game.cpp(28872,9): warning C4101: 'sps': variable local sin referencia
C:\Users\DJGASSS\Desktop\HBGhost\HGServer\Game.cpp(29289,7): warning C4101: 'ip': variable local sin referencia
C:\Users\DJGASSS\Desktop\HBGhost\HGServer\Game.cpp(29285,9): warning C4101: 'sps': variable local sin referencia
C:\Users\DJGASSS\Desktop\HBGhost\HGServer\Game.cpp(29401,9): warning C4101: 'sp': variable local sin referencia
C:\Users\DJGASSS\Desktop\HBGhost\HGServer\Game.cpp(29399,38): warning C4101: 'pTotal': variable local sin referencia
C:\Users\DJGASSS\Desktop\HBGhost\HGServer\Game.cpp(29551,8): warning C4101: 'bp': variable local sin referencia
C:\Users\DJGASSS\Desktop\HBGhost\HGServer\Game.cpp(29546,9): warning C4101: 'sps': variable local sin referencia
  Game2.cpp
  GuildsMan.cpp
  Heldenian.cpp
  Item.cpp
C:\Users\DJGASSS\Desktop\HBGhost\HGServer\Item.cpp(1430,9): warning C4101: 'dwp': variable local sin referencia
C:\Users\DJGASSS\Desktop\HBGhost\HGServer\Item.cpp(1428,8): warning C4101: 'cp': variable local sin referencia
C:\Users\DJGASSS\Desktop\HBGhost\HGServer\Item.cpp(1428,12): warning C4101: 'cData': variable local sin referencia
C:\Users\DJGASSS\Desktop\HBGhost\HGServer\Item.cpp(1432,8): warning C4101: 'wp': variable local sin referencia
C:\Users\DJGASSS\Desktop\HBGhost\HGServer\Item.cpp(1427,17): warning C4101: 'iRet': variable local sin referencia
C:\Users\DJGASSS\Desktop\HBGhost\HGServer\Item.cpp(1431,9): warning C4101: 'sp': variable local sin referencia
C:\Users\DJGASSS\Desktop\HBGhost\HGServer\Item.cpp(1672,9): warning C4101: 'sp': variable local sin referencia
C:\Users\DJGASSS\Desktop\HBGhost\HGServer\Item.cpp(3416,8): warning C4101: 'cp': variable local sin referencia
C:\Users\DJGASSS\Desktop\HBGhost\HGServer\Item.cpp(3417,9): warning C4101: 'sp': variable local sin referencia
C:\Users\DJGASSS\Desktop\HBGhost\HGServer\Item.cpp(4670,8): warning C4101: 'cp': variable local sin referencia
C:\Users\DJGASSS\Desktop\HBGhost\HGServer\Item.cpp(4674,9): warning C4101: 'sp': variable local sin referencia
C:\Users\DJGASSS\Desktop\HBGhost\HGServer\Item.cpp(5144,23): warning C4101: 'iDiscountRatio': variable local sin referencia
C:\Users\DJGASSS\Desktop\HBGhost\HGServer\Item.cpp(5144,15): warning C4101: 'iCost2': variable local sin referencia
C:\Users\DJGASSS\Desktop\HBGhost\HGServer\Item.cpp(5145,9): warning C4101: 'dTmp1': variable local sin referencia
C:\Users\DJGASSS\Desktop\HBGhost\HGServer\Item.cpp(5144,39): warning C4101: 'iDiscountCost': variable local sin referencia
C:\Users\DJGASSS\Desktop\HBGhost\HGServer\Item.cpp(5145,23): warning C4101: 'dTmp3': variable local sin referencia
C:\Users\DJGASSS\Desktop\HBGhost\HGServer\Item.cpp(5145,16): warning C4101: 'dTmp2': variable local sin referencia
C:\Users\DJGASSS\Desktop\HBGhost\HGServer\Item.cpp(5140,9): warning C4101: 'sp': variable local sin referencia
C:\Users\DJGASSS\Desktop\HBGhost\HGServer\Item.cpp(5280,8): warning C4101: 'cp': variable local sin referencia
C:\Users\DJGASSS\Desktop\HBGhost\HGServer\Item.cpp(5279,9): warning C4101: 'sp': variable local sin referencia
C:\Users\DJGASSS\Desktop\HBGhost\HGServer\Item.cpp(5796,9): warning C4101: 'sp': variable local sin referencia
C:\Users\DJGASSS\Desktop\HBGhost\HGServer\Item.cpp(7177,8): warning C4101: 'cp': variable local sin referencia
C:\Users\DJGASSS\Desktop\HBGhost\HGServer\Item.cpp(7178,13): warning C4101: 'sRemainItemSprite': variable local sin referencia
C:\Users\DJGASSS\Desktop\HBGhost\HGServer\Item.cpp(7178,32): warning C4101: 'sRemainItemSpriteFrame': variable local sin referencia
C:\Users\DJGASSS\Desktop\HBGhost\HGServer\Item.cpp(7178,9): warning C4101: 'sp': variable local sin referencia
C:\Users\DJGASSS\Desktop\HBGhost\HGServer\Item.cpp(8271,9): warning C4101: 'dwp': variable local sin referencia
C:\Users\DJGASSS\Desktop\HBGhost\HGServer\Item.cpp(8273,8): warning C4101: 'cp': variable local sin referencia
C:\Users\DJGASSS\Desktop\HBGhost\HGServer\Item.cpp(8273,12): warning C4101: 'cData': variable local sin referencia
C:\Users\DJGASSS\Desktop\HBGhost\HGServer\Item.cpp(8272,8): warning C4101: 'wp': variable local sin referencia
C:\Users\DJGASSS\Desktop\HBGhost\HGServer\Item.cpp(8270,6): warning C4101: 'iRet': variable local sin referencia
C:\Users\DJGASSS\Desktop\HBGhost\HGServer\Item.cpp(8275,9): warning C4101: 'sp': variable local sin referencia
  Magic.cpp
C:\Users\DJGASSS\Desktop\HBGhost\HGServer\Magic.cpp(372,52): warning C4101: 'sRemainItemSprite': variable local sin referencia
C:\Users\DJGASSS\Desktop\HBGhost\HGServer\Magic.cpp(372,71): warning C4101: 'sRemainItemSpriteFrame': variable local sin referencia
C:\Users\DJGASSS\Desktop\HBGhost\HGServer\Magic.cpp(373,136): warning C4101: 'cScanMessage': variable local sin referencia
  Map.cpp
C:\Users\DJGASSS\Desktop\HBGhost\HGServer\Map.cpp(3013,8): warning C4101: 'sRemainItemSprite': variable local sin referencia
C:\Users\DJGASSS\Desktop\HBGhost\HGServer\Map.cpp(3013,27): warning C4101: 'sRemainItemSpriteFrame': variable local sin referencia
  Mineral.cpp
  Misc.cpp
  Msg.cpp
  Npc.cpp
C:\Users\DJGASSS\Desktop\HBGhost\HGServer\Npc.cpp(377,24): warning C4101: 'cQuestRemain': variable local sin referencia
C:\Users\DJGASSS\Desktop\HBGhost\HGServer\Npc.cpp(3002,10): warning C4101: 'iDiceValue': variable local sin referencia
C:\Users\DJGASSS\Desktop\HBGhost\HGServer\Npc.cpp(3000,10): warning C4101: 'iNumNpcitem': variable local sin referencia
C:\Users\DJGASSS\Desktop\HBGhost\HGServer\Npc.cpp(3001,10): warning C4101: 'iIndex': variable local sin referencia
C:\Users\DJGASSS\Desktop\HBGhost\HGServer\Npc.cpp(3004,7): warning C4101: 'iProb': variable local sin referencia
  Generando código...
  Compilando...
  OccupyFlag.cpp
  Party.cpp
  Potion.cpp
  Quest.cpp
C:\Users\DJGASSS\Desktop\HBGhost\HGServer\Quest.cpp(458,14): warning C4101: 'cQuestRemain': variable local sin referencia
C:\Users\DJGASSS\Desktop\HBGhost\HGServer\Quest.cpp(516,110): warning C4101: 'cQuestRemain': variable local sin referencia
C:\Users\DJGASSS\Desktop\HBGhost\HGServer\Quest.cpp(611,19): warning C4101: 'i': variable local sin referencia
C:\Users\DJGASSS\Desktop\HBGhost\HGServer\Quest.cpp(663,14): warning C4101: 'iEraseReq': variable local sin referencia
C:\Users\DJGASSS\Desktop\HBGhost\HGServer\Quest.cpp(665,6): warning C4101: 'iExp': variable local sin referencia
C:\Users\DJGASSS\Desktop\HBGhost\HGServer\Quest.cpp(663,25): warning C4101: 'i': variable local sin referencia
C:\Users\DJGASSS\Desktop\HBGhost\HGServer\Quest.cpp(664,15): warning C4101: 'pItem': variable local sin referencia
C:\Users\DJGASSS\Desktop\HBGhost\HGServer\Quest.cpp(802,6): warning C4101: 'iEraseReq': variable local sin referencia
C:\Users\DJGASSS\Desktop\HBGhost\HGServer\Quest.cpp(802,17): warning C4101: 'iExp': variable local sin referencia
C:\Users\DJGASSS\Desktop\HBGhost\HGServer\Quest.cpp(796,13): warning C4101: 'i': variable local sin referencia
C:\Users\DJGASSS\Desktop\HBGhost\HGServer\Quest.cpp(803,15): warning C4101: 'pItem': variable local sin referencia
  Skill.cpp
  StrategicPoint.cpp
  StrTok.cpp
  Team.cpp
C:\Users\DJGASSS\Desktop\HBGhost\HGServer\Team.cpp(344,2): warning C4996: 'strcpy': This function or variable may be unsafe. Consider using strcpy_s instead. To disable deprecation, use _CRT_SECURE_NO_WARNINGS. See online help for details.
C:\Users\DJGASSS\Desktop\HBGhost\HGServer\Team.cpp(459,2): warning C4996: 'strcpy': This function or variable may be unsafe. Consider using strcpy_s instead. To disable deprecation, use _CRT_SECURE_NO_WARNINGS. See online help for details.
  Teleport.cpp
  TeleportLoc.cpp
  TempNpcItem.cpp
  Tile.cpp
  wmain.cpp
  XSocket.cpp
  Generando código...
  HGserver.vcxproj -> C:\Users\DJGASSS\Desktop\HBGhost\HGServer\.\Release\HGserver.exe
