c:\users\junior\desktop\hbghost\hgserver\release\hgserver.bsc
c:\users\junior\desktop\hbghost\hgserver\release\vc142.pdb
c:\users\junior\desktop\hbghost\hgserver\release\apocalypse.sbr
c:\users\junior\desktop\hbghost\hgserver\release\builditem.sbr
c:\users\junior\desktop\hbghost\hgserver\release\capturetheflag.sbr
c:\users\junior\desktop\hbghost\hgserver\release\client.sbr
c:\users\junior\desktop\hbghost\hgserver\release\crusade.sbr
c:\users\junior\desktop\hbghost\hgserver\release\debugdialog.sbr
c:\users\junior\desktop\hbghost\hgserver\release\delayevent.sbr
c:\users\junior\desktop\hbghost\hgserver\release\dynamicobject.sbr
c:\users\junior\desktop\hbghost\hgserver\release\fish.sbr
c:\users\junior\desktop\hbghost\hgserver\release\game.sbr
c:\users\junior\desktop\hbghost\hgserver\release\game2.sbr
c:\users\junior\desktop\hbghost\hgserver\release\guildsman.sbr
c:\users\junior\desktop\hbghost\hgserver\release\heldenian.sbr
c:\users\junior\desktop\hbghost\hgserver\release\item.sbr
c:\users\junior\desktop\hbghost\hgserver\release\magic.sbr
c:\users\junior\desktop\hbghost\hgserver\release\map.sbr
c:\users\junior\desktop\hbghost\hgserver\release\mineral.sbr
c:\users\junior\desktop\hbghost\hgserver\release\misc.sbr
c:\users\junior\desktop\hbghost\hgserver\release\msg.sbr
c:\users\junior\desktop\hbghost\hgserver\release\npc.sbr
c:\users\junior\desktop\hbghost\hgserver\release\npc.obj
c:\users\junior\desktop\hbghost\hgserver\release\msg.obj
c:\users\junior\desktop\hbghost\hgserver\release\misc.obj
c:\users\junior\desktop\hbghost\hgserver\release\mineral.obj
c:\users\junior\desktop\hbghost\hgserver\release\map.obj
c:\users\junior\desktop\hbghost\hgserver\release\magic.obj
c:\users\junior\desktop\hbghost\hgserver\release\item.obj
c:\users\junior\desktop\hbghost\hgserver\release\heldenian.obj
c:\users\junior\desktop\hbghost\hgserver\release\guildsman.obj
c:\users\junior\desktop\hbghost\hgserver\release\game2.obj
c:\users\junior\desktop\hbghost\hgserver\release\game.obj
c:\users\junior\desktop\hbghost\hgserver\release\fish.obj
c:\users\junior\desktop\hbghost\hgserver\release\dynamicobject.obj
c:\users\junior\desktop\hbghost\hgserver\release\delayevent.obj
c:\users\junior\desktop\hbghost\hgserver\release\debugdialog.obj
c:\users\junior\desktop\hbghost\hgserver\release\crusade.obj
c:\users\junior\desktop\hbghost\hgserver\release\client.obj
c:\users\junior\desktop\hbghost\hgserver\release\capturetheflag.obj
c:\users\junior\desktop\hbghost\hgserver\release\builditem.obj
c:\users\junior\desktop\hbghost\hgserver\release\apocalypse.obj
c:\users\junior\desktop\hbghost\hgserver\release\occupyflag.sbr
c:\users\junior\desktop\hbghost\hgserver\release\party.sbr
c:\users\junior\desktop\hbghost\hgserver\release\potion.sbr
c:\users\junior\desktop\hbghost\hgserver\release\quest.sbr
c:\users\junior\desktop\hbghost\hgserver\release\skill.sbr
c:\users\junior\desktop\hbghost\hgserver\release\strategicpoint.sbr
c:\users\junior\desktop\hbghost\hgserver\release\strtok.sbr
c:\users\junior\desktop\hbghost\hgserver\release\team.sbr
c:\users\junior\desktop\hbghost\hgserver\release\teleport.sbr
c:\users\junior\desktop\hbghost\hgserver\release\teleportloc.sbr
c:\users\junior\desktop\hbghost\hgserver\release\tempnpcitem.sbr
c:\users\junior\desktop\hbghost\hgserver\release\tile.sbr
c:\users\junior\desktop\hbghost\hgserver\release\wmain.sbr
c:\users\junior\desktop\hbghost\hgserver\release\xsocket.sbr
c:\users\junior\desktop\hbghost\hgserver\release\xsocket.obj
c:\users\junior\desktop\hbghost\hgserver\release\wmain.obj
c:\users\junior\desktop\hbghost\hgserver\release\tile.obj
c:\users\junior\desktop\hbghost\hgserver\release\tempnpcitem.obj
c:\users\junior\desktop\hbghost\hgserver\release\teleportloc.obj
c:\users\junior\desktop\hbghost\hgserver\release\teleport.obj
c:\users\junior\desktop\hbghost\hgserver\release\team.obj
c:\users\junior\desktop\hbghost\hgserver\release\strtok.obj
c:\users\junior\desktop\hbghost\hgserver\release\strategicpoint.obj
c:\users\junior\desktop\hbghost\hgserver\release\skill.obj
c:\users\junior\desktop\hbghost\hgserver\release\quest.obj
c:\users\junior\desktop\hbghost\hgserver\release\potion.obj
c:\users\junior\desktop\hbghost\hgserver\release\party.obj
c:\users\junior\desktop\hbghost\hgserver\release\occupyflag.obj
c:\users\junior\desktop\hbghost\hgserver\release\hgserver.exe
c:\users\junior\desktop\hbghost\hgserver\release\hgserver.pdb
c:\users\junior\desktop\hbghost\hgserver\release\hgserver.res
c:\users\junior\desktop\hbghost\hgserver\release\hgserver.tlog\bscmake.command.1.tlog
c:\users\junior\desktop\hbghost\hgserver\release\hgserver.tlog\bscmake.read.1.tlog
c:\users\junior\desktop\hbghost\hgserver\release\hgserver.tlog\bscmake.write.1.tlog
c:\users\junior\desktop\hbghost\hgserver\release\hgserver.tlog\cl.command.1.tlog
c:\users\junior\desktop\hbghost\hgserver\release\hgserver.tlog\cl.read.1.tlog
c:\users\junior\desktop\hbghost\hgserver\release\hgserver.tlog\cl.write.1.tlog
c:\users\junior\desktop\hbghost\hgserver\release\hgserver.tlog\link.command.1.tlog
c:\users\junior\desktop\hbghost\hgserver\release\hgserver.tlog\link.read.1.tlog
c:\users\junior\desktop\hbghost\hgserver\release\hgserver.tlog\link.write.1.tlog
c:\users\junior\desktop\hbghost\hgserver\release\hgserver.tlog\rc.command.1.tlog
c:\users\junior\desktop\hbghost\hgserver\release\hgserver.tlog\rc.read.1.tlog
c:\users\junior\desktop\hbghost\hgserver\release\hgserver.tlog\rc.write.1.tlog
