(2020: 7:28:15:21) - ####(!)GameServer(WS1-default) for YoKo is not registered.####
(2020: 7:28:15:34) - ####(!)GameServer(WS1-default) for YoKo is not registered.####
(2020: 7:28:15:39) - ####(!)GameServer(WS1-default) for YoKo is not registered.####
(2020: 7:28:16:10) - ####(!)GameServer(WS1-default) for YoKo is not registered.####
(2020: 7:28:16:38) - ####(!)GameServer(WS1-default) for KenZoB is not registered.####
(2020: 7:28:16:42) - ####(!)GameServer(WS1-default) for KenZoB is not registered.####
(2020: 7:28:17:12) - ####(!)GameServer(WS1-default) for YoKo is not registered.####
(2020: 7:28:17:35) - ####(!)GameServer(WS1-elvine) for Nixu[GM] is not registered.####
(2020: 7:28:17:35) - ####(!)GameServer(WS1-elvine) for Nixu[GM] is not registered.####
(2020: 7:28:17:36) - ####(!)GameServer(WS1-default) for YoKo is not registered.####
(2020: 7:28:17:36) - ####(!)GameServer(WS1-default) for YoKo is not registered.####
(2020: 7:28:17:47) - ####(!)GameServer(WS1-default) for YoKo is not registered.####
(2020: 7:28:17:47) - ####(!)GameServer(WS1-default) for YoKo is not registered.####
(2020: 7:28:18:12) - ####(!)GameServer(WS1-default) for KKthxBYE is not registered.####
(2020: 7:28:18:12) - ####(!)GameServer(WS1-default) for KKthxBYE is not registered.####
(2020: 7:28:18:12) - ####(!)GameServer(WS1-default) for KKthxBYE is not registered.####
(2020: 7:28:18:50) - ####(!)GameServer(WS1-default) for YoKo is not registered.####
(2020: 7:28:18:50) - ####(!)GameServer(WS1-default) for YoKo is not registered.####
(2020: 7:28:18:51) - ####(!)GameServer(WS1-default) for KKthxBYE is not registered.####
(2020: 7:28:18:51) - ####(!)GameServer(WS1-default) for KKthxBYE is not registered.####
(2020: 7:28:18:55) - ####(!)GameServer(WS1-default) for amenadieL is not registered.####
(2020: 7:28:19:10) - ####(!)GameServer(WS1-default) for Doluk is not registered.####
(2020: 7:28:19:29) - ####(!)GameServer(WS1-default) for YoKo is not registered.####
(2020: 7:28:19:40) - ####(!)GameServer(WS1-default) for YoKo is not registered.####
(2020: 7:28:19:40) - ####(!)GameServer(WS1-default) for YoKo is not registered.####
(2020: 7:28:19:40) - ####(!)GameServer(WS1-default) for YoKo is not registered.####
(2020: 7:28:19:40) - ####(!)GameServer(WS1-default) for YoKo is not registered.####
(2020: 7:28:19:40) - ####(!)GameServer(WS1-default) for YoKo is not registered.####
(2020: 7:28:19:40) - ####(!)GameServer(WS1-default) for YoKo is not registered.####
(2020: 7:28:19:40) - ####(!)GameServer(WS1-default) for YoKo is not registered.####
(2020: 7:28:19:40) - ####(!)GameServer(WS1-default) for YoKo is not registered.####
(2020: 7:28:19:40) - ####(!)GameServer(WS1-default) for YoKo is not registered.####
(2020: 7:28:19:40) - ####(!)GameServer(WS1-default) for YoKo is not registered.####
(2020: 7:28:19:40) - ####(!)GameServer(WS1-default) for YoKo is not registered.####
(2020: 7:28:19:40) - ####(!)GameServer(WS1-default) for YoKo is not registered.####
(2020: 7:28:19:40) - ####(!)GameServer(WS1-default) for YoKo is not registered.####
(2020: 7:28:19:40) - ####(!)GameServer(WS1-default) for YoKo is not registered.####
(2020: 7:28:19:40) - ####(!)GameServer(WS1-default) for YoKo is not registered.####
(2020: 7:28:19:40) - ####(!)GameServer(WS1-default) for YoKo is not registered.####
(2020: 7:28:19:40) - ####(!)GameServer(WS1-default) for YoKo is not registered.####
(2020: 7:28:19:40) - ####(!)GameServer(WS1-default) for YoKo is not registered.####
(2020: 7:28:19:40) - ####(!)GameServer(WS1-default) for YoKo is not registered.####
(2020: 7:28:19:40) - ####(!)GameServer(WS1-default) for YoKo is not registered.####
(2020: 7:28:19:40) - ####(!)GameServer(WS1-default) for YoKo is not registered.####
(2020: 7:28:19:40) - ####(!)GameServer(WS1-default) for YoKo is not registered.####
(2020: 7:28:19:40) - ####(!)GameServer(WS1-default) for YoKo is not registered.####
(2020: 7:28:19:40) - ####(!)GameServer(WS1-default) for YoKo is not registered.####
(2020: 7:28:19:40) - ####(!)GameServer(WS1-default) for YoKo is not registered.####
(2020: 7:28:19:40) - ####(!)GameServer(WS1-default) for YoKo is not registered.####
(2020: 7:28:19:40) - ####(!)GameServer(WS1-default) for YoKo is not registered.####
(2020: 7:28:19:40) - ####(!)GameServer(WS1-default) for YoKo is not registered.####
(2020: 7:28:19:40) - ####(!)GameServer(WS1-default) for YoKo is not registered.####
(2020: 7:28:19:40) - ####(!)GameServer(WS1-default) for YoKo is not registered.####
(2020: 7:28:19:40) - ####(!)GameServer(WS1-default) for YoKo is not registered.####
(2020: 7:28:19:40) - ####(!)GameServer(WS1-default) for YoKo is not registered.####
(2020: 7:28:19:40) - ####(!)GameServer(WS1-default) for YoKo is not registered.####
(2020: 7:28:19:40) - ####(!)GameServer(WS1-default) for YoKo is not registered.####
(2020: 7:28:19:40) - ####(!)GameServer(WS1-default) for YoKo is not registered.####
(2020: 7:28:19:40) - ####(!)GameServer(WS1-default) for YoKo is not registered.####
(2020: 7:28:19:40) - ####(!)GameServer(WS1-default) for YoKo is not registered.####
(2020: 7:28:19:40) - ####(!)GameServer(WS1-default) for YoKo is not registered.####
(2020: 7:28:19:40) - ####(!)GameServer(WS1-default) for YoKo is not registered.####
(2020: 7:28:19:40) - ####(!)GameServer(WS1-default) for YoKo is not registered.####
(2020: 7:28:19:40) - ####(!)GameServer(WS1-default) for YoKo is not registered.####
(2020: 7:28:19:40) - ####(!)GameServer(WS1-default) for YoKo is not registered.####
(2020: 7:28:19:40) - ####(!)GameServer(WS1-default) for YoKo is not registered.####
(2020: 7:28:19:40) - ####(!)GameServer(WS1-default) for YoKo is not registered.####
(2020: 7:28:19:40) - ####(!)GameServer(WS1-default) for YoKo is not registered.####
(2020: 7:28:19:40) - ####(!)GameServer(WS1-default) for YoKo is not registered.####
(2020: 7:28:19:40) - ####(!)GameServer(WS1-default) for YoKo is not registered.####
(2020: 7:28:19:40) - ####(!)GameServer(WS1-default) for YoKo is not registered.####
(2020: 7:28:19:40) - ####(!)GameServer(WS1-default) for YoKo is not registered.####
(2020: 7:28:19:40) - ####(!)GameServer(WS1-default) for YoKo is not registered.####
(2020: 7:28:19:40) - ####(!)GameServer(WS1-default) for YoKo is not registered.####
(2020: 7:28:19:40) - ####(!)GameServer(WS1-default) for YoKo is not registered.####
(2020: 7:28:19:40) - ####(!)GameServer(WS1-default) for YoKo is not registered.####
(2020: 7:28:19:40) - ####(!)GameServer(WS1-default) for YoKo is not registered.####
(2020: 7:28:19:40) - ####(!)GameServer(WS1-default) for YoKo is not registered.####
(2020: 7:28:19:40) - ####(!)GameServer(WS1-default) for YoKo is not registered.####
(2020: 7:28:19:40) - ####(!)GameServer(WS1-default) for YoKo is not registered.####
(2020: 7:28:19:40) - ####(!)GameServer(WS1-default) for YoKo is not registered.####
(2020: 7:28:19:40) - ####(!)GameServer(WS1-default) for YoKo is not registered.####
(2020: 7:28:19:40) - ####(!)GameServer(WS1-default) for YoKo is not registered.####
(2020: 7:28:19:40) - ####(!)GameServer(WS1-default) for YoKo is not registered.####
(2020: 7:28:19:40) - ####(!)GameServer(WS1-default) for YoKo is not registered.####
(2020: 7:28:19:40) - ####(!)GameServer(WS1-default) for YoKo is not registered.####
(2020: 7:28:19:40) - ####(!)GameServer(WS1-default) for YoKo is not registered.####
(2020: 7:28:19:40) - ####(!)GameServer(WS1-default) for YoKo is not registered.####
(2020: 7:28:19:40) - ####(!)GameServer(WS1-default) for YoKo is not registered.####
(2020: 7:28:19:40) - ####(!)GameServer(WS1-default) for YoKo is not registered.####
(2020: 7:28:19:40) - ####(!)GameServer(WS1-default) for YoKo is not registered.####
(2020: 7:28:19:40) - ####(!)GameServer(WS1-default) for YoKo is not registered.####
(2020: 7:28:19:40) - ####(!)GameServer(WS1-default) for YoKo is not registered.####
(2020: 7:28:19:40) - ####(!)GameServer(WS1-default) for YoKo is not registered.####
(2020: 7:28:19:40) - ####(!)GameServer(WS1-default) for YoKo is not registered.####
(2020: 7:28:19:40) - ####(!)GameServer(WS1-default) for YoKo is not registered.####
(2020: 7:28:19:40) - ####(!)GameServer(WS1-default) for YoKo is not registered.####
(2020: 7:28:19:40) - ####(!)GameServer(WS1-default) for YoKo is not registered.####
(2020: 7:28:19:40) - ####(!)GameServer(WS1-default) for YoKo is not registered.####
(2020: 7:28:19:40) - ####(!)GameServer(WS1-default) for YoKo is not registered.####
(2020: 7:28:19:40) - ####(!)GameServer(WS1-default) for YoKo is not registered.####
(2020: 7:28:19:40) - ####(!)GameServer(WS1-default) for YoKo is not registered.####
(2020: 7:28:19:40) - ####(!)GameServer(WS1-default) for YoKo is not registered.####
(2020: 7:28:19:40) - ####(!)GameServer(WS1-default) for YoKo is not registered.####
(2020: 7:28:19:40) - ####(!)GameServer(WS1-default) for YoKo is not registered.####
(2020: 7:28:19:40) - ####(!)GameServer(WS1-default) for YoKo is not registered.####
(2020: 7:28:19:40) - ####(!)GameServer(WS1-default) for YoKo is not registered.####
(2020: 7:28:19:40) - ####(!)GameServer(WS1-default) for YoKo is not registered.####
(2020: 7:28:19:40) - ####(!)GameServer(WS1-default) for YoKo is not registered.####
(2020: 7:28:19:40) - ####(!)GameServer(WS1-default) for YoKo is not registered.####
(2020: 7:28:19:40) - ####(!)GameServer(WS1-default) for YoKo is not registered.####
(2020: 7:28:19:40) - ####(!)GameServer(WS1-default) for YoKo is not registered.####
(2020: 7:28:19:40) - ####(!)GameServer(WS1-default) for YoKo is not registered.####
(2020: 7:28:19:40) - ####(!)GameServer(WS1-default) for YoKo is not registered.####
(2020: 7:28:19:40) - ####(!)GameServer(WS1-default) for YoKo is not registered.####
(2020: 7:28:19:40) - ####(!)GameServer(WS1-default) for YoKo is not registered.####
(2020: 7:28:19:40) - ####(!)GameServer(WS1-default) for YoKo is not registered.####
(2020: 7:28:19:40) - ####(!)GameServer(WS1-default) for YoKo is not registered.####
(2020: 7:28:19:40) - ####(!)GameServer(WS1-default) for YoKo is not registered.####
(2020: 7:28:19:40) - ####(!)GameServer(WS1-default) for YoKo is not registered.####
(2020: 7:28:19:40) - ####(!)GameServer(WS1-default) for YoKo is not registered.####
(2020: 7:28:19:40) - ####(!)GameServer(WS1-default) for YoKo is not registered.####
(2020: 7:28:19:40) - ####(!)GameServer(WS1-default) for YoKo is not registered.####
(2020: 7:28:19:40) - ####(!)GameServer(WS1-default) for YoKo is not registered.####
(2020: 7:28:19:40) - ####(!)GameServer(WS1-default) for YoKo is not registered.####
(2020: 7:28:19:41) - ####(!)GameServer(WS1-default) for YoKo is not registered.####
(2020: 7:28:19:42) - ####(!)GameServer(WS1-default) for YoKo is not registered.####
(2020: 7:28:19:42) - ####(!)GameServer(WS1-default) for YoKo is not registered.####
(2020: 7:28:19:42) - ####(!)GameServer(WS1-default) for YoKo is not registered.####
(2020: 7:28:19:42) - ####(!)GameServer(WS1-default) for YoKo is not registered.####
(2020: 7:28:19:42) - ####(!)GameServer(WS1-default) for YoKo is not registered.####
(2020: 7:28:19:42) - ####(!)GameServer(WS1-default) for YoKo is not registered.####
(2020: 7:28:19:42) - ####(!)GameServer(WS1-default) for YoKo is not registered.####
(2020: 7:28:19:42) - ####(!)GameServer(WS1-default) for YoKo is not registered.####
(2020: 7:28:19:42) - ####(!)GameServer(WS1-default) for YoKo is not registered.####
(2020: 7:28:19:42) - ####(!)GameServer(WS1-default) for YoKo is not registered.####
(2020: 7:28:19:42) - ####(!)GameServer(WS1-default) for YoKo is not registered.####
(2020: 7:28:19:42) - ####(!)GameServer(WS1-default) for YoKo is not registered.####
(2020: 7:28:19:42) - ####(!)GameServer(WS1-default) for YoKo is not registered.####
(2020: 7:28:19:42) - ####(!)GameServer(WS1-default) for YoKo is not registered.####
(2020: 7:28:19:42) - ####(!)GameServer(WS1-default) for YoKo is not registered.####
(2020: 7:28:19:42) - ####(!)GameServer(WS1-default) for YoKo is not registered.####
(2020: 7:28:19:42) - ####(!)GameServer(WS1-default) for YoKo is not registered.####
(2020: 7:28:19:42) - ####(!)GameServer(WS1-default) for YoKo is not registered.####
(2020: 7:28:19:42) - ####(!)GameServer(WS1-default) for YoKo is not registered.####
(2020: 7:28:19:42) - ####(!)GameServer(WS1-default) for YoKo is not registered.####
(2020: 7:28:19:42) - ####(!)GameServer(WS1-default) for YoKo is not registered.####
(2020: 7:28:19:42) - ####(!)GameServer(WS1-default) for YoKo is not registered.####
(2020: 7:28:19:42) - ####(!)GameServer(WS1-default) for YoKo is not registered.####
(2020: 7:28:19:42) - ####(!)GameServer(WS1-default) for YoKo is not registered.####
(2020: 7:28:19:42) - ####(!)GameServer(WS1-default) for YoKo is not registered.####
(2020: 7:28:19:42) - ####(!)GameServer(WS1-default) for YoKo is not registered.####
(2020: 7:28:19:42) - ####(!)GameServer(WS1-default) for YoKo is not registered.####
(2020: 7:28:19:42) - ####(!)GameServer(WS1-default) for YoKo is not registered.####
(2020: 7:28:19:42) - ####(!)GameServer(WS1-default) for YoKo is not registered.####
(2020: 7:28:19:42) - ####(!)GameServer(WS1-default) for YoKo is not registered.####
(2020: 7:28:19:42) - ####(!)GameServer(WS1-default) for YoKo is not registered.####
(2020: 7:28:19:42) - ####(!)GameServer(WS1-default) for YoKo is not registered.####
(2020: 7:28:19:42) - ####(!)GameServer(WS1-default) for YoKo is not registered.####
(2020: 7:28:19:42) - ####(!)GameServer(WS1-default) for YoKo is not registered.####
(2020: 7:28:19:42) - ####(!)GameServer(WS1-default) for YoKo is not registered.####
(2020: 7:28:19:43) - ####(!)GameServer(WS1-default) for YoKo is not registered.####
(2020: 7:28:19:46) - ####(!)GameServer(WS1-default) for YoKo is not registered.####
(2020: 7:28:19:46) - ####(!)GameServer(WS1-default) for YoKo is not registered.####
(2020: 7:28:19:46) - ####(!)GameServer(WS1-default) for YoKo is not registered.####
(2020: 7:28:19:51) - ####(!)GameServer(WS1-default) for YoKo is not registered.####
(2020: 7:28:19:55) - ####(!)GameServer(WS1-default) for YoKo is not registered.####
(2020: 7:28:19:56) - ####(!)GameServer(WS1-default) for YoKo is not registered.####
(2020: 7:28:20:24) - ####(!)GameServer(WS1-arebrk11) for Doluk is not registered.####
(2020: 7:28:20:25) - ####(!)GameServer(WS1-arebrk11) for YoKo is not registered.####
(2020: 7:28:20:25) - ####(!)GameServer(WS1-arebrk11) for YoKo is not registered.####
(2020: 7:28:20:25) - ####(!)GameServer(WS1-arebrk11) for YoKo is not registered.####
(2020: 7:28:20:25) - ####(!)GameServer(WS1-arebrk11) for YoKo is not registered.####
(2020: 7:28:20:25) - ####(!)GameServer(WS1-arebrk11) for YoKo is not registered.####
(2020: 7:28:20:25) - ####(!)GameServer(WS1-arebrk11) for YoKo is not registered.####
(2020: 7:28:20:25) - ####(!)GameServer(WS1-arebrk11) for YoKo is not registered.####
(2020: 7:28:20:25) - ####(!)GameServer(WS1-arebrk11) for YoKo is not registered.####
(2020: 7:28:20:25) - ####(!)GameServer(WS1-arebrk11) for Nixu[GM] is not registered.####
(2020: 7:28:20:25) - ####(!)GameServer(WS1-arebrk11) for YoKo is not registered.####
(2020: 7:28:20:26) - ####(!)GameServer(WS1-arebrk11) for YoKo is not registered.####
(2020: 7:28:20:26) - ####(!)GameServer(WS1-arebrk11) for YoKo is not registered.####
(2020: 7:28:20:26) - ####(!)GameServer(WS1-arebrk11) for YoKo is not registered.####
(2020: 7:29:20: 6) - ####(!)GameServer(WS1-cityhall_1) for efdfgh is not registered.####
(2020: 7:29:20: 6) - ####(!)GameServer(WS1-aresden) for 2GooD is not registered.####
(2020: 7:29:20: 9) - ####(!)GameServer(WS1-cityhall_1) for efdfgh is not registered.####
(2020: 7:29:20: 9) - ####(!)GameServer(WS1-default) for asasd is not registered.####
(2020: 7:29:20:20) - ####(!)GameServer(WS1-arebrk11) for Tucen is not registered.####
(2020: 7:30: 9:51) - ####(!)GameServer(WS1-cityhall_1) for efdfgh is not registered.####
(2020: 7:30: 9:51) - ####(!)GameServer(WS1-aresden) for 2GooD is not registered.####
(2020: 7:30:14:23) - ####(!)GameServer(WS1-arebrk11) for Cagaron is not registered.####
(2020: 7:30:14:25) - ####(!)GameServer(WS1-arebrk11) for Cagaron is not registered.####
(2020: 7:30:14:28) - ####(!)GameServer(WS1-arebrk11) for ASDASD is not registered.####
(2020: 7:30:17: 8) - ####(!)GameServer(WS1-cityhall_2) for Cagaron is not registered.####
(2020: 7:30:17: 8) - ####(!)GameServer(WS1-cityhall_2) for Cagaron is not registered.####
(2020: 7:30:17:20) - ####(!)GameServer(WS1-cityhall_1) for Nixu[GM] is not registered.####
(2020: 7:30:17:20) - ####(!)GameServer(WS1-cityhall_1) for Nixu[GM] is not registered.####
(2020: 7:30:17:20) - ####(!)WorldServer(WS1-cityhall_1) for Nixu[GM] is not registered.####
(2020: 7:30:18:35) - ####(!)GameServer(WS1-elvine) for Cagaron is not registered.####
(2020: 8: 2:11:26) - ####(!)GameServer(WS1-cityhall_2) for rafhaa is not registered.####
(2020: 8: 2:11:26) - ####(!)GameServer(WS1-cityhall_2) for rafhaa is not registered.####
(2020: 8: 2:11:26) - ####(!)GameServer(WS1-cityhall_2) for rafhaa is not registered.####
(2020: 8: 2:11:26) - ####(!)GameServer(WS1-cityhall_2) for rafhaa is not registered.####
(2020: 8: 2:11:27) - ####(!)GameServer(WS1-cityhall_2) for rafhaa is not registered.####
(2020: 8: 2:21:21) - ####(!)GameServer(WS1-default) for Roazir is not registered.####
