(2020: 7:28:20: 0) - (!)13 CharacterContent(YoKo) - Item(Dagger) Invalid item attribute2!
(2020: 7:28:20: 0) - (!) 14 CharacterContent(YoKo) - Item(Dagger) Invalid item attribute2!
(2020: 7:28:20: 0) - (!)13 CharacterContent(YoKo) - Item(RedPotion) Invalid item attribute2!
(2020: 7:28:20: 0) - (!) 14 CharacterContent(YoKo) - Item(RedPotion) Invalid item attribute2!
(2020: 7:28:20: 0) - (!)13 CharacterContent(YoKo) - Item(GreenPotion) Invalid item attribute2!
(2020: 7:28:20: 0) - (!) 14 CharacterContent(YoKo) - Item(GreenPotion) Invalid item attribute2!
(2020: 7:28:20: 8) - (!)13 CharacterContent(Doluk) - Item(Dagger) Invalid item attribute2!
(2020: 7:28:20: 8) - (!) 14 CharacterContent(Doluk) - Item(Dagger) Invalid item attribute2!
(2020: 7:28:20: 8) - (!)13 CharacterContent(Doluk) - Item(RedPotion) Invalid item attribute2!
(2020: 7:28:20: 8) - (!) 14 CharacterContent(Doluk) - Item(RedPotion) Invalid item attribute2!
(2020: 7:28:20: 8) - (!)13 CharacterContent(Doluk) - Item(GreenPotion) Invalid item attribute2!
(2020: 7:28:20: 8) - (!) 14 CharacterContent(Doluk) - Item(GreenPotion) Invalid item attribute2!
(2020: 7:28:20: 8) - (!)13 CharacterContent(Doluk) - Item(ChainHose(M)) Invalid item attribute2!
(2020: 7:28:20: 8) - (!) 14 CharacterContent(Doluk) - Item(ChainHose(M)) Invalid item attribute2!
(2020: 7:28:20: 8) - (!)16 CharacterContent(Doluk) - Item(ChainHose(M)) Invalid item attribute2!
(2020: 7:28:20:40) - (!)13 CharacterContent(Test) - Item(Dagger) Invalid item attribute2!
(2020: 7:28:20:40) - (!) 14 CharacterContent(Test) - Item(Dagger) Invalid item attribute2!
(2020: 7:28:20:40) - (!)13 CharacterContent(Test) - Item(RedPotion) Invalid item attribute2!
(2020: 7:28:20:40) - (!) 14 CharacterContent(Test) - Item(RedPotion) Invalid item attribute2!
(2020: 7:28:20:40) - (!)13 CharacterContent(Test) - Item(GreenPotion) Invalid item attribute2!
(2020: 7:28:20:40) - (!) 14 CharacterContent(Test) - Item(GreenPotion) Invalid item attribute2!
(2020: 7:28:20:47) - (!)13 CharacterContent(Centuu) - Item(Dagger) Invalid item attribute2!
(2020: 7:28:20:47) - (!) 14 CharacterContent(Centuu) - Item(Dagger) Invalid item attribute2!
(2020: 7:28:20:47) - (!)13 CharacterContent(Centuu) - Item(RedPotion) Invalid item attribute2!
(2020: 7:28:20:47) - (!) 14 CharacterContent(Centuu) - Item(RedPotion) Invalid item attribute2!
(2020: 7:28:20:47) - (!)13 CharacterContent(Centuu) - Item(GreenPotion) Invalid item attribute2!
(2020: 7:28:20:47) - (!) 14 CharacterContent(Centuu) - Item(GreenPotion) Invalid item attribute2!
(2020: 7:28:21: 1) - (!)13 CharacterContent(test) - Item(Dagger) Invalid item attribute2!
(2020: 7:28:21: 1) - (!) 14 CharacterContent(test) - Item(Dagger) Invalid item attribute2!
(2020: 7:28:21: 1) - (!)13 CharacterContent(test) - Item(RedPotion) Invalid item attribute2!
(2020: 7:28:21: 1) - (!) 14 CharacterContent(test) - Item(RedPotion) Invalid item attribute2!
(2020: 7:28:21: 1) - (!)13 CharacterContent(test) - Item(GreenPotion) Invalid item attribute2!
(2020: 7:28:21: 1) - (!) 14 CharacterContent(test) - Item(GreenPotion) Invalid item attribute2!
(2020: 7:28:21: 1) - (!)13 CharacterContent(test) - Item(ChainHose(M)) Invalid item attribute2!
(2020: 7:28:21: 1) - (!) 14 CharacterContent(test) - Item(ChainHose(M)) Invalid item attribute2!
(2020: 7:28:21: 1) - (!)16 CharacterContent(test) - Item(ChainHose(M)) Invalid item attribute2!
(2020: 7:28:21: 4) - YoKo killed test
(2020: 7:28:21:14) - (!)13 CharacterContent(2GooD) - Item(Dagger) Invalid item attribute2!
(2020: 7:28:21:14) - (!) 14 CharacterContent(2GooD) - Item(Dagger) Invalid item attribute2!
(2020: 7:28:21:14) - (!)13 CharacterContent(2GooD) - Item(RedPotion) Invalid item attribute2!
(2020: 7:28:21:14) - (!) 14 CharacterContent(2GooD) - Item(RedPotion) Invalid item attribute2!
(2020: 7:28:21:14) - (!)13 CharacterContent(2GooD) - Item(GreenPotion) Invalid item attribute2!
(2020: 7:28:21:14) - (!) 14 CharacterContent(2GooD) - Item(GreenPotion) Invalid item attribute2!
(2020: 7:28:21:14) - (!)13 CharacterContent(KKthxBYE) - Item(Dagger) Invalid item attribute2!
(2020: 7:28:21:14) - (!) 14 CharacterContent(KKthxBYE) - Item(Dagger) Invalid item attribute2!
(2020: 7:28:21:14) - (!)13 CharacterContent(KKthxBYE) - Item(RedPotion) Invalid item attribute2!
(2020: 7:28:21:14) - (!) 14 CharacterContent(KKthxBYE) - Item(RedPotion) Invalid item attribute2!
(2020: 7:28:21:14) - (!)13 CharacterContent(KKthxBYE) - Item(GreenPotion) Invalid item attribute2!
(2020: 7:28:21:14) - (!) 14 CharacterContent(KKthxBYE) - Item(GreenPotion) Invalid item attribute2!
(2020: 7:28:21:14) - (!)13 CharacterContent(KKthxBYE) - Item(ChainHose(M)) Invalid item attribute2!
(2020: 7:28:21:14) - (!) 14 CharacterContent(KKthxBYE) - Item(ChainHose(M)) Invalid item attribute2!
(2020: 7:28:21:14) - (!)16 CharacterContent(KKthxBYE) - Item(ChainHose(M)) Invalid item attribute2!
(2020: 7:28:21:27) - (!)13 CharacterContent(efdfgh) - Item(Dagger) Invalid item attribute2!
(2020: 7:28:21:27) - (!) 14 CharacterContent(efdfgh) - Item(Dagger) Invalid item attribute2!
(2020: 7:28:21:27) - (!)13 CharacterContent(efdfgh) - Item(RedPotion) Invalid item attribute2!
(2020: 7:28:21:27) - (!) 14 CharacterContent(efdfgh) - Item(RedPotion) Invalid item attribute2!
(2020: 7:28:21:27) - (!)13 CharacterContent(efdfgh) - Item(GreenPotion) Invalid item attribute2!
(2020: 7:28:21:27) - (!) 14 CharacterContent(efdfgh) - Item(GreenPotion) Invalid item attribute2!
(2020: 7:28:21:27) - (!)13 CharacterContent(efdfgh) - Item(ChainHose(M)) Invalid item attribute2!
(2020: 7:28:21:27) - (!) 14 CharacterContent(efdfgh) - Item(ChainHose(M)) Invalid item attribute2!
(2020: 7:28:21:27) - (!)16 CharacterContent(efdfgh) - Item(ChainHose(M)) Invalid item attribute2!
(2020: 7:28:21:39) - (!)13 CharacterContent(fancheck) - Item(Dagger) Invalid item attribute2!
(2020: 7:28:21:39) - (!) 14 CharacterContent(fancheck) - Item(Dagger) Invalid item attribute2!
(2020: 7:28:21:39) - (!)13 CharacterContent(fancheck) - Item(RedPotion) Invalid item attribute2!
(2020: 7:28:21:39) - (!) 14 CharacterContent(fancheck) - Item(RedPotion) Invalid item attribute2!
(2020: 7:28:21:39) - (!)13 CharacterContent(fancheck) - Item(GreenPotion) Invalid item attribute2!
(2020: 7:28:21:39) - (!) 14 CharacterContent(fancheck) - Item(GreenPotion) Invalid item attribute2!
(2020: 7:28:22: 3) - (!)13 CharacterContent(KenZoB) - Item(Dagger) Invalid item attribute2!
(2020: 7:28:22: 3) - (!) 14 CharacterContent(KenZoB) - Item(Dagger) Invalid item attribute2!
(2020: 7:28:22: 3) - (!)13 CharacterContent(KenZoB) - Item(RedPotion) Invalid item attribute2!
(2020: 7:28:22: 3) - (!) 14 CharacterContent(KenZoB) - Item(RedPotion) Invalid item attribute2!
(2020: 7:28:22: 3) - (!)13 CharacterContent(KenZoB) - Item(GreenPotion) Invalid item attribute2!
(2020: 7:28:22: 3) - (!) 14 CharacterContent(KenZoB) - Item(GreenPotion) Invalid item attribute2!
(2020: 7:28:22: 3) - (!)13 CharacterContent(KenZoB) - Item(ChainHose(M)) Invalid item attribute2!
(2020: 7:28:22: 3) - (!) 14 CharacterContent(KenZoB) - Item(ChainHose(M)) Invalid item attribute2!
(2020: 7:28:22: 3) - (!)16 CharacterContent(KenZoB) - Item(ChainHose(M)) Invalid item attribute2!
(2020: 7:28:22: 3) - (!)13 CharacterContent(aaaa) - Item(Dagger) Invalid item attribute2!
(2020: 7:28:22: 3) - (!) 14 CharacterContent(aaaa) - Item(Dagger) Invalid item attribute2!
(2020: 7:28:22: 3) - (!)13 CharacterContent(aaaa) - Item(RedPotion) Invalid item attribute2!
(2020: 7:28:22: 3) - (!) 14 CharacterContent(aaaa) - Item(RedPotion) Invalid item attribute2!
(2020: 7:28:22: 3) - (!)13 CharacterContent(aaaa) - Item(GreenPotion) Invalid item attribute2!
(2020: 7:28:22: 3) - (!) 14 CharacterContent(aaaa) - Item(GreenPotion) Invalid item attribute2!
(2020: 7:28:22: 3) - (!)13 CharacterContent(aaaa) - Item(ChainHose(M)) Invalid item attribute2!
(2020: 7:28:22: 3) - (!) 14 CharacterContent(aaaa) - Item(ChainHose(M)) Invalid item attribute2!
(2020: 7:28:22: 3) - (!)16 CharacterContent(aaaa) - Item(ChainHose(M)) Invalid item attribute2!
(2020: 7:28:22:10) - (!)13 CharacterContent(aaa) - Item(Dagger) Invalid item attribute2!
(2020: 7:28:22:10) - (!) 14 CharacterContent(aaa) - Item(Dagger) Invalid item attribute2!
(2020: 7:28:22:10) - (!)13 CharacterContent(aaa) - Item(RedPotion) Invalid item attribute2!
(2020: 7:28:22:10) - (!) 14 CharacterContent(aaa) - Item(RedPotion) Invalid item attribute2!
(2020: 7:28:22:10) - (!)13 CharacterContent(aaa) - Item(GreenPotion) Invalid item attribute2!
(2020: 7:28:22:10) - (!) 14 CharacterContent(aaa) - Item(GreenPotion) Invalid item attribute2!
(2020: 7:28:22:10) - (!)13 CharacterContent(aaa) - Item(ChainHose(M)) Invalid item attribute2!
(2020: 7:28:22:10) - (!) 14 CharacterContent(aaa) - Item(ChainHose(M)) Invalid item attribute2!
(2020: 7:28:22:10) - (!)16 CharacterContent(aaa) - Item(ChainHose(M)) Invalid item attribute2!
(2020: 7:28:22:18) - (!)13 CharacterContent(aT) - Item(Dagger) Invalid item attribute2!
(2020: 7:28:22:18) - (!) 14 CharacterContent(aT) - Item(Dagger) Invalid item attribute2!
(2020: 7:28:22:18) - (!)13 CharacterContent(aT) - Item(RedPotion) Invalid item attribute2!
(2020: 7:28:22:18) - (!) 14 CharacterContent(aT) - Item(RedPotion) Invalid item attribute2!
(2020: 7:28:22:18) - (!)13 CharacterContent(aT) - Item(GreenPotion) Invalid item attribute2!
(2020: 7:28:22:18) - (!) 14 CharacterContent(aT) - Item(GreenPotion) Invalid item attribute2!
(2020: 7:28:23:21) - (!)13 CharacterContent(Cuka) - Item(Dagger) Invalid item attribute2!
(2020: 7:28:23:21) - (!) 14 CharacterContent(Cuka) - Item(Dagger) Invalid item attribute2!
(2020: 7:28:23:21) - (!)13 CharacterContent(Cuka) - Item(RedPotion) Invalid item attribute2!
(2020: 7:28:23:21) - (!) 14 CharacterContent(Cuka) - Item(RedPotion) Invalid item attribute2!
(2020: 7:28:23:21) - (!)13 CharacterContent(Cuka) - Item(GreenPotion) Invalid item attribute2!
(2020: 7:28:23:21) - (!) 14 CharacterContent(Cuka) - Item(GreenPotion) Invalid item attribute2!
(2020: 7:28:23:21) - (!)13 CharacterContent(Cuka) - Item(ChainHose(M)) Invalid item attribute2!
(2020: 7:28:23:21) - (!) 14 CharacterContent(Cuka) - Item(ChainHose(M)) Invalid item attribute2!
(2020: 7:28:23:21) - (!)16 CharacterContent(Cuka) - Item(ChainHose(M)) Invalid item attribute2!
(2020: 7:29: 2:36) - (!)13 CharacterContent(GGHA) - Item(Dagger) Invalid item attribute2!
(2020: 7:29: 2:36) - (!) 14 CharacterContent(GGHA) - Item(Dagger) Invalid item attribute2!
(2020: 7:29: 2:36) - (!)13 CharacterContent(GGHA) - Item(RedPotion) Invalid item attribute2!
(2020: 7:29: 2:36) - (!) 14 CharacterContent(GGHA) - Item(RedPotion) Invalid item attribute2!
(2020: 7:29: 2:36) - (!)13 CharacterContent(GGHA) - Item(GreenPotion) Invalid item attribute2!
(2020: 7:29: 2:36) - (!) 14 CharacterContent(GGHA) - Item(GreenPotion) Invalid item attribute2!
(2020: 7:29: 2:50) - (!)13 CharacterContent(amenadieL) - Item(Dagger) Invalid item attribute2!
(2020: 7:29: 2:50) - (!) 14 CharacterContent(amenadieL) - Item(Dagger) Invalid item attribute2!
(2020: 7:29: 2:50) - (!)13 CharacterContent(amenadieL) - Item(RedPotion) Invalid item attribute2!
(2020: 7:29: 2:50) - (!) 14 CharacterContent(amenadieL) - Item(RedPotion) Invalid item attribute2!
(2020: 7:29: 2:50) - (!)13 CharacterContent(amenadieL) - Item(GreenPotion) Invalid item attribute2!
(2020: 7:29: 2:50) - (!) 14 CharacterContent(amenadieL) - Item(GreenPotion) Invalid item attribute2!
(2020: 7:29: 3: 5) - (!)13 CharacterContent(GGhE) - Item(Dagger) Invalid item attribute2!
(2020: 7:29: 3: 5) - (!) 14 CharacterContent(GGhE) - Item(Dagger) Invalid item attribute2!
(2020: 7:29: 3: 5) - (!)13 CharacterContent(GGhE) - Item(RedPotion) Invalid item attribute2!
(2020: 7:29: 3: 5) - (!) 14 CharacterContent(GGhE) - Item(RedPotion) Invalid item attribute2!
(2020: 7:29: 3: 5) - (!)13 CharacterContent(GGhE) - Item(GreenPotion) Invalid item attribute2!
(2020: 7:29: 3: 5) - (!) 14 CharacterContent(GGhE) - Item(GreenPotion) Invalid item attribute2!
(2020: 7:29: 3: 5) - (!)13 CharacterContent(GGhE) - Item(ChainHose(M)) Invalid item attribute2!
(2020: 7:29: 3: 5) - (!) 14 CharacterContent(GGhE) - Item(ChainHose(M)) Invalid item attribute2!
(2020: 7:29: 3: 5) - (!)16 CharacterContent(GGhE) - Item(ChainHose(M)) Invalid item attribute2!
(2020: 7:29: 6:24) - (!)13 CharacterContent(Meat) - Item(Dagger) Invalid item attribute2!
(2020: 7:29: 6:24) - (!) 14 CharacterContent(Meat) - Item(Dagger) Invalid item attribute2!
(2020: 7:29: 6:24) - (!)13 CharacterContent(Meat) - Item(RedPotion) Invalid item attribute2!
(2020: 7:29: 6:24) - (!) 14 CharacterContent(Meat) - Item(RedPotion) Invalid item attribute2!
(2020: 7:29: 6:24) - (!)13 CharacterContent(Meat) - Item(GreenPotion) Invalid item attribute2!
(2020: 7:29: 6:24) - (!) 14 CharacterContent(Meat) - Item(GreenPotion) Invalid item attribute2!
(2020: 7:29: 9: 8) - (!)13 CharacterContent(rafhaa) - Item(Dagger) Invalid item attribute2!
(2020: 7:29: 9: 8) - (!) 14 CharacterContent(rafhaa) - Item(Dagger) Invalid item attribute2!
(2020: 7:29: 9: 8) - (!)13 CharacterContent(rafhaa) - Item(RedPotion) Invalid item attribute2!
(2020: 7:29: 9: 8) - (!) 14 CharacterContent(rafhaa) - Item(RedPotion) Invalid item attribute2!
(2020: 7:29: 9: 8) - (!)13 CharacterContent(rafhaa) - Item(GreenPotion) Invalid item attribute2!
(2020: 7:29: 9: 8) - (!) 14 CharacterContent(rafhaa) - Item(GreenPotion) Invalid item attribute2!
(2020: 7:29:13:27) - (!)13 CharacterContent(Empry1) - Item(Dagger) Invalid item attribute2!
(2020: 7:29:13:27) - (!) 14 CharacterContent(Empry1) - Item(Dagger) Invalid item attribute2!
(2020: 7:29:13:27) - (!)13 CharacterContent(Empry1) - Item(RedPotion) Invalid item attribute2!
(2020: 7:29:13:27) - (!) 14 CharacterContent(Empry1) - Item(RedPotion) Invalid item attribute2!
(2020: 7:29:13:27) - (!)13 CharacterContent(Empry1) - Item(GreenPotion) Invalid item attribute2!
(2020: 7:29:13:27) - (!) 14 CharacterContent(Empry1) - Item(GreenPotion) Invalid item attribute2!
(2020: 7:29:13:27) - (!)13 CharacterContent(Empry1) - Item(ChainHose(M)) Invalid item attribute2!
(2020: 7:29:13:27) - (!) 14 CharacterContent(Empry1) - Item(ChainHose(M)) Invalid item attribute2!
(2020: 7:29:13:27) - (!)16 CharacterContent(Empry1) - Item(ChainHose(M)) Invalid item attribute2!
(2020: 7:29:16:23) - (!)13 CharacterContent(Aguu) - Item(Dagger) Invalid item attribute2!
(2020: 7:29:16:23) - (!) 14 CharacterContent(Aguu) - Item(Dagger) Invalid item attribute2!
(2020: 7:29:16:23) - (!)13 CharacterContent(Aguu) - Item(RedPotion) Invalid item attribute2!
(2020: 7:29:16:23) - (!) 14 CharacterContent(Aguu) - Item(RedPotion) Invalid item attribute2!
(2020: 7:29:16:23) - (!)13 CharacterContent(Aguu) - Item(GreenPotion) Invalid item attribute2!
(2020: 7:29:16:23) - (!) 14 CharacterContent(Aguu) - Item(GreenPotion) Invalid item attribute2!
(2020: 7:29:20:17) - (!)13 CharacterContent(Tucen) - Item(Dagger) Invalid item attribute2!
(2020: 7:29:20:17) - (!) 14 CharacterContent(Tucen) - Item(Dagger) Invalid item attribute2!
(2020: 7:29:20:17) - (!)13 CharacterContent(Tucen) - Item(RedPotion) Invalid item attribute2!
(2020: 7:29:20:17) - (!) 14 CharacterContent(Tucen) - Item(RedPotion) Invalid item attribute2!
(2020: 7:29:20:17) - (!)13 CharacterContent(Tucen) - Item(GreenPotion) Invalid item attribute2!
(2020: 7:29:20:17) - (!) 14 CharacterContent(Tucen) - Item(GreenPotion) Invalid item attribute2!
(2020: 7:29:20:29) - (!)13 CharacterContent(Bauti) - Item(Dagger) Invalid item attribute2!
(2020: 7:29:20:29) - (!) 14 CharacterContent(Bauti) - Item(Dagger) Invalid item attribute2!
(2020: 7:29:20:29) - (!)13 CharacterContent(Bauti) - Item(RedPotion) Invalid item attribute2!
(2020: 7:29:20:29) - (!) 14 CharacterContent(Bauti) - Item(RedPotion) Invalid item attribute2!
(2020: 7:29:20:29) - (!)13 CharacterContent(Bauti) - Item(GreenPotion) Invalid item attribute2!
(2020: 7:29:20:29) - (!) 14 CharacterContent(Bauti) - Item(GreenPotion) Invalid item attribute2!
(2020: 7:29:20:36) - (!)13 CharacterContent(Sol) - Item(Dagger) Invalid item attribute2!
(2020: 7:29:20:36) - (!) 14 CharacterContent(Sol) - Item(Dagger) Invalid item attribute2!
(2020: 7:29:20:36) - (!)13 CharacterContent(Sol) - Item(RedPotion) Invalid item attribute2!
(2020: 7:29:20:36) - (!) 14 CharacterContent(Sol) - Item(RedPotion) Invalid item attribute2!
(2020: 7:29:20:36) - (!)13 CharacterContent(Sol) - Item(GreenPotion) Invalid item attribute2!
(2020: 7:29:20:36) - (!) 14 CharacterContent(Sol) - Item(GreenPotion) Invalid item attribute2!
(2020: 7:29:20:45) - (!)13 CharacterContent(Porotex) - Item(Dagger) Invalid item attribute2!
(2020: 7:29:20:45) - (!) 14 CharacterContent(Porotex) - Item(Dagger) Invalid item attribute2!
(2020: 7:29:20:45) - (!)13 CharacterContent(Porotex) - Item(RedPotion) Invalid item attribute2!
(2020: 7:29:20:45) - (!) 14 CharacterContent(Porotex) - Item(RedPotion) Invalid item attribute2!
(2020: 7:29:20:45) - (!)13 CharacterContent(Porotex) - Item(GreenPotion) Invalid item attribute2!
(2020: 7:29:20:45) - (!) 14 CharacterContent(Porotex) - Item(GreenPotion) Invalid item attribute2!
(2020: 7:29:20:45) - (!)13 CharacterContent(Porotex) - Item(ChainHose(M)) Invalid item attribute2!
(2020: 7:29:20:45) - (!) 14 CharacterContent(Porotex) - Item(ChainHose(M)) Invalid item attribute2!
(2020: 7:29:20:45) - (!)16 CharacterContent(Porotex) - Item(ChainHose(M)) Invalid item attribute2!
(2020: 7:30: 4:14) - (!)13 CharacterContent(Meaty) - Item(Dagger) Invalid item attribute2!
(2020: 7:30: 4:14) - (!) 14 CharacterContent(Meaty) - Item(Dagger) Invalid item attribute2!
(2020: 7:30: 4:14) - (!)13 CharacterContent(Meaty) - Item(RedPotion) Invalid item attribute2!
(2020: 7:30: 4:14) - (!) 14 CharacterContent(Meaty) - Item(RedPotion) Invalid item attribute2!
(2020: 7:30: 4:14) - (!)13 CharacterContent(Meaty) - Item(GreenPotion) Invalid item attribute2!
(2020: 7:30: 4:14) - (!) 14 CharacterContent(Meaty) - Item(GreenPotion) Invalid item attribute2!
(2020: 7:30:12:58) - (!)13 CharacterContent(ASDASD) - Item(Dagger) Invalid item attribute2!
(2020: 7:30:12:58) - (!) 14 CharacterContent(ASDASD) - Item(Dagger) Invalid item attribute2!
(2020: 7:30:12:58) - (!)13 CharacterContent(ASDASD) - Item(RedPotion) Invalid item attribute2!
(2020: 7:30:12:58) - (!) 14 CharacterContent(ASDASD) - Item(RedPotion) Invalid item attribute2!
(2020: 7:30:12:58) - (!)13 CharacterContent(ASDASD) - Item(GreenPotion) Invalid item attribute2!
(2020: 7:30:12:58) - (!) 14 CharacterContent(ASDASD) - Item(GreenPotion) Invalid item attribute2!
(2020: 7:30:12:58) - (!)13 CharacterContent(ASDASD) - Item(ChainHose(M)) Invalid item attribute2!
(2020: 7:30:12:58) - (!) 14 CharacterContent(ASDASD) - Item(ChainHose(M)) Invalid item attribute2!
(2020: 7:30:12:58) - (!)16 CharacterContent(ASDASD) - Item(ChainHose(M)) Invalid item attribute2!
(2020: 7:30:13:32) - (!)13 CharacterContent(Cagaron) - Item(Dagger) Invalid item attribute2!
(2020: 7:30:13:32) - (!) 14 CharacterContent(Cagaron) - Item(Dagger) Invalid item attribute2!
(2020: 7:30:13:32) - (!)13 CharacterContent(Cagaron) - Item(RedPotion) Invalid item attribute2!
(2020: 7:30:13:32) - (!) 14 CharacterContent(Cagaron) - Item(RedPotion) Invalid item attribute2!
(2020: 7:30:13:32) - (!)13 CharacterContent(Cagaron) - Item(GreenPotion) Invalid item attribute2!
(2020: 7:30:13:32) - (!) 14 CharacterContent(Cagaron) - Item(GreenPotion) Invalid item attribute2!
(2020: 7:30:13:32) - (!)13 CharacterContent(Cagaron) - Item(ChainHose(M)) Invalid item attribute2!
(2020: 7:30:13:32) - (!) 14 CharacterContent(Cagaron) - Item(ChainHose(M)) Invalid item attribute2!
(2020: 7:30:13:32) - (!)16 CharacterContent(Cagaron) - Item(ChainHose(M)) Invalid item attribute2!
(2020: 7:30:14:36) - Cagaron killed Porotex
(2020: 7:30:16:35) - (*) Get HeroItem : Char(Meaty) Player-EK(499700) Player-Contr(12) Hero Obtained(ElvineHeroCape)
(2020: 7:30:16:52) - (!)13 CharacterContent(Alaskalli) - Item(Dagger) Invalid item attribute2!
(2020: 7:30:16:52) - (!) 14 CharacterContent(Alaskalli) - Item(Dagger) Invalid item attribute2!
(2020: 7:30:16:52) - (!)13 CharacterContent(Alaskalli) - Item(RedPotion) Invalid item attribute2!
(2020: 7:30:16:52) - (!) 14 CharacterContent(Alaskalli) - Item(RedPotion) Invalid item attribute2!
(2020: 7:30:16:52) - (!)13 CharacterContent(Alaskalli) - Item(GreenPotion) Invalid item attribute2!
(2020: 7:30:16:52) - (!) 14 CharacterContent(Alaskalli) - Item(GreenPotion) Invalid item attribute2!
(2020: 7:30:17:54) - (!)13 CharacterContent(zebedEE) - Item(Dagger) Invalid item attribute2!
(2020: 7:30:17:54) - (!) 14 CharacterContent(zebedEE) - Item(Dagger) Invalid item attribute2!
(2020: 7:30:17:54) - (!)13 CharacterContent(zebedEE) - Item(RedPotion) Invalid item attribute2!
(2020: 7:30:17:54) - (!) 14 CharacterContent(zebedEE) - Item(RedPotion) Invalid item attribute2!
(2020: 7:30:17:54) - (!)13 CharacterContent(zebedEE) - Item(GreenPotion) Invalid item attribute2!
(2020: 7:30:17:54) - (!) 14 CharacterContent(zebedEE) - Item(GreenPotion) Invalid item attribute2!
(2020: 7:30:17:54) - (!)13 CharacterContent(zebedEE) - Item(ChainHose(M)) Invalid item attribute2!
(2020: 7:30:17:54) - (!) 14 CharacterContent(zebedEE) - Item(ChainHose(M)) Invalid item attribute2!
(2020: 7:30:17:54) - (!)16 CharacterContent(zebedEE) - Item(ChainHose(M)) Invalid item attribute2!
(2020: 7:30:19:23) - (*) Get HeroItem : Char(Cagaron) Player-EK(4999210) Player-Contr(400) Hero Obtained(ElvineHeroCape)
(2020: 7:30:19:23) - (*) Get HeroItem : Char(Cagaron) Player-EK(4999060) Player-Contr(250) Hero Obtained(eHeroLeggings(M))
(2020: 7:30:19:23) - (*) Get HeroItem : Char(Cagaron) Player-EK(4998960) Player-Contr(50) Hero Obtained(eHeroCap(M))
(2020: 7:31: 3:23) - (*) Get HeroItem : Char(Meaty) Player-EK(499000) Player-Contr(262) Hero Obtained(eHeroRobe(W))
(2020: 7:31: 3:23) - (*) Get HeroItem : Char(Meaty) Player-EK(498850) Player-Contr(112) Hero Obtained(eHeroLeggings(W))
(2020: 7:31: 3:24) - (*) Get HeroItem : Char(Meaty) Player-EK(498750) Player-Contr(12) Hero Obtained(eHeroHauberk(W))
(2020: 7:31: 6:11) - (*) Get HeroItem : Char(Meaty) Player-EK(498650) Player-Contr(212) Hero Obtained(eHeroCap(W))
(2020: 7:31: 6:11) - (*) Get HeroItem : Char(Meaty) Player-EK(498500) Player-Contr(12) Hero Obtained(eHeroHelm(W))
(2020: 7:31: 6:22) - (*) Get HeroItem : Char(Meaty) Player-EK(498200) Player-Contr(62) Hero Obtained(eHeroArmor(W))
(2020: 7:31:11:40) - Cagaron killed Centuu
(2020: 7:31:18:22) - (!)13 CharacterContent(MaMioR) - Item(Dagger) Invalid item attribute2!
(2020: 7:31:18:22) - (!) 14 CharacterContent(MaMioR) - Item(Dagger) Invalid item attribute2!
(2020: 7:31:18:22) - (!)13 CharacterContent(MaMioR) - Item(RedPotion) Invalid item attribute2!
(2020: 7:31:18:22) - (!) 14 CharacterContent(MaMioR) - Item(RedPotion) Invalid item attribute2!
(2020: 7:31:18:22) - (!)13 CharacterContent(MaMioR) - Item(GreenPotion) Invalid item attribute2!
(2020: 7:31:18:22) - (!) 14 CharacterContent(MaMioR) - Item(GreenPotion) Invalid item attribute2!
(2020: 7:31:18:37) - (!)13 CharacterContent(Chet0) - Item(Dagger) Invalid item attribute2!
(2020: 7:31:18:37) - (!) 14 CharacterContent(Chet0) - Item(Dagger) Invalid item attribute2!
(2020: 7:31:18:37) - (!)13 CharacterContent(Chet0) - Item(RedPotion) Invalid item attribute2!
(2020: 7:31:18:37) - (!) 14 CharacterContent(Chet0) - Item(RedPotion) Invalid item attribute2!
(2020: 7:31:18:37) - (!)13 CharacterContent(Chet0) - Item(GreenPotion) Invalid item attribute2!
(2020: 7:31:18:37) - (!) 14 CharacterContent(Chet0) - Item(GreenPotion) Invalid item attribute2!
(2020: 7:31:18:37) - (!)13 CharacterContent(Chet0) - Item(ChainHose(M)) Invalid item attribute2!
(2020: 7:31:18:37) - (!) 14 CharacterContent(Chet0) - Item(ChainHose(M)) Invalid item attribute2!
(2020: 7:31:18:37) - (!)16 CharacterContent(Chet0) - Item(ChainHose(M)) Invalid item attribute2!
(2020: 8: 1: 7:57) - (!)13 CharacterContent(Mystify) - Item(Dagger) Invalid item attribute2!
(2020: 8: 1: 7:57) - (!) 14 CharacterContent(Mystify) - Item(Dagger) Invalid item attribute2!
(2020: 8: 1: 7:57) - (!)13 CharacterContent(Mystify) - Item(RedPotion) Invalid item attribute2!
(2020: 8: 1: 7:57) - (!) 14 CharacterContent(Mystify) - Item(RedPotion) Invalid item attribute2!
(2020: 8: 1: 7:57) - (!)13 CharacterContent(Mystify) - Item(GreenPotion) Invalid item attribute2!
(2020: 8: 1: 7:57) - (!) 14 CharacterContent(Mystify) - Item(GreenPotion) Invalid item attribute2!
(2020: 8: 2:17:57) - (!)13 CharacterContent(Moist) - Item(Dagger) Invalid item attribute2!
(2020: 8: 2:17:57) - (!) 14 CharacterContent(Moist) - Item(Dagger) Invalid item attribute2!
(2020: 8: 2:17:57) - (!)13 CharacterContent(Moist) - Item(RedPotion) Invalid item attribute2!
(2020: 8: 2:17:57) - (!) 14 CharacterContent(Moist) - Item(RedPotion) Invalid item attribute2!
(2020: 8: 2:17:57) - (!)13 CharacterContent(Moist) - Item(GreenPotion) Invalid item attribute2!
(2020: 8: 2:17:57) - (!) 14 CharacterContent(Moist) - Item(GreenPotion) Invalid item attribute2!
(2020: 8: 2:17:57) - (!)13 CharacterContent(Moist) - Item(ChainHose(M)) Invalid item attribute2!
(2020: 8: 2:17:57) - (!) 14 CharacterContent(Moist) - Item(ChainHose(M)) Invalid item attribute2!
(2020: 8: 2:17:57) - (!)16 CharacterContent(Moist) - Item(ChainHose(M)) Invalid item attribute2!
(2020: 8: 2:20:21) - (!)13 CharacterContent(R00A) - Item(Dagger) Invalid item attribute2!
(2020: 8: 2:20:21) - (!) 14 CharacterContent(R00A) - Item(Dagger) Invalid item attribute2!
(2020: 8: 2:20:21) - (!)13 CharacterContent(R00A) - Item(RedPotion) Invalid item attribute2!
(2020: 8: 2:20:21) - (!) 14 CharacterContent(R00A) - Item(RedPotion) Invalid item attribute2!
(2020: 8: 2:20:21) - (!)13 CharacterContent(R00A) - Item(GreenPotion) Invalid item attribute2!
(2020: 8: 2:20:21) - (!) 14 CharacterContent(R00A) - Item(GreenPotion) Invalid item attribute2!
(2020: 8: 3:10:35) - (!)13 CharacterContent(prueba) - Item(Dagger) Invalid item attribute2!
(2020: 8: 3:10:35) - (!) 14 CharacterContent(prueba) - Item(Dagger) Invalid item attribute2!
(2020: 8: 3:10:35) - (!)13 CharacterContent(prueba) - Item(RedPotion) Invalid item attribute2!
(2020: 8: 3:10:35) - (!) 14 CharacterContent(prueba) - Item(RedPotion) Invalid item attribute2!
(2020: 8: 3:10:35) - (!)13 CharacterContent(prueba) - Item(GreenPotion) Invalid item attribute2!
(2020: 8: 3:10:35) - (!) 14 CharacterContent(prueba) - Item(GreenPotion) Invalid item attribute2!
(2020: 8: 3:12: 1) - (!)13 CharacterContent(QLOKURA) - Item(Dagger) Invalid item attribute2!
(2020: 8: 3:12: 1) - (!) 14 CharacterContent(QLOKURA) - Item(Dagger) Invalid item attribute2!
(2020: 8: 3:12: 1) - (!)13 CharacterContent(QLOKURA) - Item(RedPotion) Invalid item attribute2!
(2020: 8: 3:12: 1) - (!) 14 CharacterContent(QLOKURA) - Item(RedPotion) Invalid item attribute2!
(2020: 8: 3:12: 1) - (!)13 CharacterContent(QLOKURA) - Item(GreenPotion) Invalid item attribute2!
(2020: 8: 3:12: 1) - (!) 14 CharacterContent(QLOKURA) - Item(GreenPotion) Invalid item attribute2!
(2020: 8: 3:12:35) - prueba killed QLOKURA
(2020: 8: 4:11: 9) - (!)13 CharacterContent(Empry2) - Item(Dagger) Invalid item attribute2!
(2020: 8: 4:11: 9) - (!) 14 CharacterContent(Empry2) - Item(Dagger) Invalid item attribute2!
(2020: 8: 4:11: 9) - (!)13 CharacterContent(Empry2) - Item(RedPotion) Invalid item attribute2!
(2020: 8: 4:11: 9) - (!) 14 CharacterContent(Empry2) - Item(RedPotion) Invalid item attribute2!
(2020: 8: 4:11: 9) - (!)13 CharacterContent(Empry2) - Item(GreenPotion) Invalid item attribute2!
(2020: 8: 4:11: 9) - (!) 14 CharacterContent(Empry2) - Item(GreenPotion) Invalid item attribute2!
(2020: 8: 4:11: 9) - (!)13 CharacterContent(Empry2) - Item(ChainHose(M)) Invalid item attribute2!
(2020: 8: 4:11: 9) - (!) 14 CharacterContent(Empry2) - Item(ChainHose(M)) Invalid item attribute2!
(2020: 8: 4:11: 9) - (!)16 CharacterContent(Empry2) - Item(ChainHose(M)) Invalid item attribute2!
(2020: 8: 6: 0: 8) - (!)13 CharacterContent(Jamiroquai) - Item(Dagger) Invalid item attribute2!
(2020: 8: 6: 0: 8) - (!) 14 CharacterContent(Jamiroquai) - Item(Dagger) Invalid item attribute2!
(2020: 8: 6: 0: 8) - (!)13 CharacterContent(Jamiroquai) - Item(RedPotion) Invalid item attribute2!
(2020: 8: 6: 0: 8) - (!) 14 CharacterContent(Jamiroquai) - Item(RedPotion) Invalid item attribute2!
(2020: 8: 6: 0: 8) - (!)13 CharacterContent(Jamiroquai) - Item(GreenPotion) Invalid item attribute2!
(2020: 8: 6: 0: 8) - (!) 14 CharacterContent(Jamiroquai) - Item(GreenPotion) Invalid item attribute2!
(2020: 8: 6: 0: 8) - (!)13 CharacterContent(Jamiroquai) - Item(ChainHose(M)) Invalid item attribute2!
(2020: 8: 6: 0: 8) - (!) 14 CharacterContent(Jamiroquai) - Item(ChainHose(M)) Invalid item attribute2!
(2020: 8: 6: 0: 8) - (!)16 CharacterContent(Jamiroquai) - Item(ChainHose(M)) Invalid item attribute2!
(2020: 8: 6: 1:30) - Cagaron killed Jamiroquai
(2020: 8: 6: 1:34) - Cagaron killed Jamiroquai
(2020: 8: 6: 1:38) - Cagaron killed Jamiroquai
(2020: 8: 6: 2: 8) - (!)13 CharacterContent(BoLuda) - Item(Dagger) Invalid item attribute2!
(2020: 8: 6: 2: 8) - (!) 14 CharacterContent(BoLuda) - Item(Dagger) Invalid item attribute2!
(2020: 8: 6: 2: 8) - (!)13 CharacterContent(BoLuda) - Item(RedPotion) Invalid item attribute2!
(2020: 8: 6: 2: 8) - (!) 14 CharacterContent(BoLuda) - Item(RedPotion) Invalid item attribute2!
(2020: 8: 6: 2: 8) - (!)13 CharacterContent(BoLuda) - Item(GreenPotion) Invalid item attribute2!
(2020: 8: 6: 2: 8) - (!) 14 CharacterContent(BoLuda) - Item(GreenPotion) Invalid item attribute2!
(2020: 8: 6: 8: 5) - (!)13 CharacterContent(Ganjax) - Item(Dagger) Invalid item attribute2!
(2020: 8: 6: 8: 5) - (!) 14 CharacterContent(Ganjax) - Item(Dagger) Invalid item attribute2!
(2020: 8: 6: 8: 5) - (!)13 CharacterContent(Ganjax) - Item(RedPotion) Invalid item attribute2!
(2020: 8: 6: 8: 5) - (!) 14 CharacterContent(Ganjax) - Item(RedPotion) Invalid item attribute2!
(2020: 8: 6: 8: 5) - (!)13 CharacterContent(Ganjax) - Item(GreenPotion) Invalid item attribute2!
(2020: 8: 6: 8: 5) - (!) 14 CharacterContent(Ganjax) - Item(GreenPotion) Invalid item attribute2!
(2020: 8: 7: 4:46) - (!)13 CharacterContent(Pidz) - Item(Dagger) Invalid item attribute2!
(2020: 8: 7: 4:46) - (!) 14 CharacterContent(Pidz) - Item(Dagger) Invalid item attribute2!
(2020: 8: 7: 4:46) - (!)13 CharacterContent(Pidz) - Item(RedPotion) Invalid item attribute2!
(2020: 8: 7: 4:46) - (!) 14 CharacterContent(Pidz) - Item(RedPotion) Invalid item attribute2!
(2020: 8: 7: 4:46) - (!)13 CharacterContent(Pidz) - Item(GreenPotion) Invalid item attribute2!
(2020: 8: 7: 4:46) - (!) 14 CharacterContent(Pidz) - Item(GreenPotion) Invalid item attribute2!
(2020: 8: 7: 4:46) - (!)13 CharacterContent(Pidz) - Item(ChainHose(M)) Invalid item attribute2!
(2020: 8: 7: 4:46) - (!) 14 CharacterContent(Pidz) - Item(ChainHose(M)) Invalid item attribute2!
(2020: 8: 7: 4:46) - (!)16 CharacterContent(Pidz) - Item(ChainHose(M)) Invalid item attribute2!
(2020: 8: 7:14:41) - (!)13 CharacterContent(Apocalipsi) - Item(Dagger) Invalid item attribute2!
(2020: 8: 7:14:41) - (!) 14 CharacterContent(Apocalipsi) - Item(Dagger) Invalid item attribute2!
(2020: 8: 7:14:41) - (!)13 CharacterContent(Apocalipsi) - Item(RedPotion) Invalid item attribute2!
(2020: 8: 7:14:41) - (!) 14 CharacterContent(Apocalipsi) - Item(RedPotion) Invalid item attribute2!
(2020: 8: 7:14:41) - (!)13 CharacterContent(Apocalipsi) - Item(GreenPotion) Invalid item attribute2!
(2020: 8: 7:14:41) - (!) 14 CharacterContent(Apocalipsi) - Item(GreenPotion) Invalid item attribute2!
(2020: 8: 8:16: 2) - (!)13 CharacterContent(exr) - Item(Dagger) Invalid item attribute2!
(2020: 8: 8:16: 2) - (!) 14 CharacterContent(exr) - Item(Dagger) Invalid item attribute2!
(2020: 8: 8:16: 2) - (!)13 CharacterContent(exr) - Item(RedPotion) Invalid item attribute2!
(2020: 8: 8:16: 2) - (!) 14 CharacterContent(exr) - Item(RedPotion) Invalid item attribute2!
(2020: 8: 8:16: 2) - (!)13 CharacterContent(exr) - Item(GreenPotion) Invalid item attribute2!
(2020: 8: 8:16: 2) - (!) 14 CharacterContent(exr) - Item(GreenPotion) Invalid item attribute2!
(2020: 8: 9:20:19) - (!)13 CharacterContent(Otto) - Item(Dagger) Invalid item attribute2!
(2020: 8: 9:20:19) - (!) 14 CharacterContent(Otto) - Item(Dagger) Invalid item attribute2!
(2020: 8: 9:20:19) - (!)13 CharacterContent(Otto) - Item(RedPotion) Invalid item attribute2!
(2020: 8: 9:20:19) - (!) 14 CharacterContent(Otto) - Item(RedPotion) Invalid item attribute2!
(2020: 8: 9:20:19) - (!)13 CharacterContent(Otto) - Item(GreenPotion) Invalid item attribute2!
(2020: 8: 9:20:19) - (!) 14 CharacterContent(Otto) - Item(GreenPotion) Invalid item attribute2!
(2020: 8: 9:20:19) - (!)13 CharacterContent(Otto) - Item(ChainHose(M)) Invalid item attribute2!
(2020: 8: 9:20:19) - (!) 14 CharacterContent(Otto) - Item(ChainHose(M)) Invalid item attribute2!
(2020: 8: 9:20:19) - (!)16 CharacterContent(Otto) - Item(ChainHose(M)) Invalid item attribute2!
(2020: 8: 9:21:59) - (!)13 CharacterContent(Nivka) - Item(Dagger) Invalid item attribute2!
(2020: 8: 9:21:59) - (!) 14 CharacterContent(Nivka) - Item(Dagger) Invalid item attribute2!
(2020: 8: 9:21:59) - (!)13 CharacterContent(Nivka) - Item(RedPotion) Invalid item attribute2!
(2020: 8: 9:21:59) - (!) 14 CharacterContent(Nivka) - Item(RedPotion) Invalid item attribute2!
(2020: 8: 9:21:59) - (!)13 CharacterContent(Nivka) - Item(GreenPotion) Invalid item attribute2!
(2020: 8: 9:21:59) - (!) 14 CharacterContent(Nivka) - Item(GreenPotion) Invalid item attribute2!
(2020: 8: 9:21:59) - (!)13 CharacterContent(Nivka) - Item(ChainHose(M)) Invalid item attribute2!
(2020: 8: 9:21:59) - (!) 14 CharacterContent(Nivka) - Item(ChainHose(M)) Invalid item attribute2!
(2020: 8: 9:21:59) - (!)16 CharacterContent(Nivka) - Item(ChainHose(M)) Invalid item attribute2!
(2020: 8: 9:23:13) - (!)13 CharacterContent(Xasthur) - Item(Dagger) Invalid item attribute2!
(2020: 8: 9:23:13) - (!) 14 CharacterContent(Xasthur) - Item(Dagger) Invalid item attribute2!
(2020: 8: 9:23:13) - (!)13 CharacterContent(Xasthur) - Item(RedPotion) Invalid item attribute2!
(2020: 8: 9:23:13) - (!) 14 CharacterContent(Xasthur) - Item(RedPotion) Invalid item attribute2!
(2020: 8: 9:23:13) - (!)13 CharacterContent(Xasthur) - Item(GreenPotion) Invalid item attribute2!
(2020: 8: 9:23:13) - (!) 14 CharacterContent(Xasthur) - Item(GreenPotion) Invalid item attribute2!
(2020: 8: 9:23:13) - (!)13 CharacterContent(Xasthur) - Item(ChainHose(M)) Invalid item attribute2!
(2020: 8: 9:23:13) - (!) 14 CharacterContent(Xasthur) - Item(ChainHose(M)) Invalid item attribute2!
(2020: 8: 9:23:13) - (!)16 CharacterContent(Xasthur) - Item(ChainHose(M)) Invalid item attribute2!
(2020: 8:10: 0:45) - (!)13 CharacterContent(Den) - Item(Dagger) Invalid item attribute2!
(2020: 8:10: 0:45) - (!) 14 CharacterContent(Den) - Item(Dagger) Invalid item attribute2!
(2020: 8:10: 0:45) - (!)13 CharacterContent(Den) - Item(RedPotion) Invalid item attribute2!
(2020: 8:10: 0:45) - (!) 14 CharacterContent(Den) - Item(RedPotion) Invalid item attribute2!
(2020: 8:10: 0:45) - (!)13 CharacterContent(Den) - Item(GreenPotion) Invalid item attribute2!
(2020: 8:10: 0:45) - (!) 14 CharacterContent(Den) - Item(GreenPotion) Invalid item attribute2!
(2020: 8:10: 0:45) - (!)13 CharacterContent(Den) - Item(ChainHose(M)) Invalid item attribute2!
(2020: 8:10: 0:45) - (!) 14 CharacterContent(Den) - Item(ChainHose(M)) Invalid item attribute2!
(2020: 8:10: 0:45) - (!)16 CharacterContent(Den) - Item(ChainHose(M)) Invalid item attribute2!
(2020: 8:10:23: 1) - (*) Get HeroItem : Char(Centuu) Player-EK(10) Player-Contr(0) Hero Obtained(AresdenHeroCape)
(2020: 8:10:23: 1) - (*) Get HeroItem : Char(Centuu) Player-EK(10) Player-Contr(0) Hero Obtained(aHeroHelm(W))
(2020: 8:10:23: 1) - (*) Get HeroItem : Char(Centuu) Player-EK(10) Player-Contr(0) Hero Obtained(aHeroArmor(W))
(2020: 8:10:23: 1) - (*) Get HeroItem : Char(Centuu) Player-EK(10) Player-Contr(0) Hero Obtained(aHeroHauberk(W))
(2020: 8:10:23: 1) - (*) Get HeroItem : Char(Centuu) Player-EK(10) Player-Contr(0) Hero Obtained(aHeroLeggings(W))
(2020: 8:11: 2: 8) - (*) Get HeroItem : Char(Jamiroquai) Player-EK(0) Player-Contr(800) Hero Obtained(aHeroLeggings(M))
(2020: 8:11: 2: 9) - (*) Get HeroItem : Char(Jamiroquai) Player-EK(0) Player-Contr(800) Hero Obtained(aHeroHauberk(M))
(2020: 8:11: 2: 9) - (*) Get HeroItem : Char(Jamiroquai) Player-EK(0) Player-Contr(800) Hero Obtained(aHeroRobe(M))
(2020: 8:11: 2: 9) - (*) Get HeroItem : Char(Jamiroquai) Player-EK(0) Player-Contr(800) Hero Obtained(aHeroCap(M))
(2020: 8:11: 4:18) - (*) Get HeroItem : Char(aaa) Player-EK(0) Player-Contr(0) Hero Obtained(eHeroRobe(M))
(2020: 8:11: 4:19) - (*) Get HeroItem : Char(aaa) Player-EK(0) Player-Contr(0) Hero Obtained(eHeroLeggings(M))
(2020: 8:11: 4:23) - (*) Get HeroItem : Char(aaaa) Player-EK(0) Player-Contr(0) Hero Obtained(eHeroHelm(M))
(2020: 8:11: 4:41) - (*) Get HeroItem : Char(aaa) Player-EK(0) Player-Contr(0) Hero Obtained(ElvineHeroCape)
(2020: 8:11: 4:41) - (*) Get HeroItem : Char(aaa) Player-EK(0) Player-Contr(0) Hero Obtained(eHeroCap(M))
(2020: 8:11: 4:41) - (*) Get HeroItem : Char(aaa) Player-EK(0) Player-Contr(0) Hero Obtained(eHeroHauberk(M))
(2020: 8:13:23: 7) - Fire-Wyvern has spawned in procella
(2020: 8:13:23: 7) - Ghost-Abaddon has spawned in abaddon
(2020: 8:13:23:13) - Fire-Wyvern has spawned in procella
(2020: 8:13:23:13) - Ghost-Abaddon has spawned in abaddon
(2020: 8:13:23:20) - Fire-Wyvern has spawned in procella
(2020: 8:13:23:21) - Ghost-Abaddon has spawned in abaddon
(2020: 8:13:23:27) - Fire-Wyvern has spawned in procella
(2020: 8:13:23:27) - Ghost-Abaddon has spawned in abaddon
(2020: 9:29:19: 4) - (!!!) AUTO-SERVER-REBOOTING!
(2020: 9:29:19: 4) - (!!!) AUTO-SERVER-REBOOTING!
(2020: 9:29:19: 5) - (!!!) AUTO-SERVER-REBOOTING!
(2020: 9:29:19: 5) - (!!!) AUTO-SERVER-REBOOTING!
(2020:10: 1:12:17) - (*) Get HeroItem : Char(Centuu) Player-EK(280) Player-Contr(150) Hero Obtained(aHeroHood(M))
(2020:10: 1:12:20) - (*) Get HeroItem : Char(Centuu) Player-EK(8980) Player-Contr(150) Hero Obtained(AresdenHeroCape)
(2020:10: 1:12:22) - (*) Get HeroItem : Char(Centuu) Player-EK(8680) Player-Contr(8850) Hero Obtained(aHeroArmor(W))
(2020:10: 1:12:22) - (*) Get HeroItem : Char(Centuu) Player-EK(8580) Player-Contr(8750) Hero Obtained(aHeroHauberk(W))
(2020:10: 1:12:22) - (*) Get HeroItem : Char(Centuu) Player-EK(8430) Player-Contr(8600) Hero Obtained(aHeroLeggings(W))
(2020:10: 1:12:22) - (*) Get HeroItem : Char(Centuu) Player-EK(8280) Player-Contr(8400) Hero Obtained(aHeroHood(W))
